This is pdfTeX, Version 3.141592653-2.6-1.40.26 (TeX Live 2024) (preloaded format=pdflatex 2024.4.22)  10 AUG 2024 23:10
entering extended mode
 restricted \write18 enabled.
 file:line:error style messages enabled.
 %&-line parsing enabled.
**/Users/kelfatim/Desktop/Khaoula/repportFatima/main.tex
(/Users/kelfatim/Desktop/Khaoula/repportFatima/main.tex
LaTeX2e <2023-11-01> patch level 1
L3 programming layer <2024-02-20>
(/usr/local/texlive/2024/texmf-dist/tex/latex/base/book.cls
Document Class: book 2023/05/17 v1.4n Standard LaTeX document class
(/usr/local/texlive/2024/texmf-dist/tex/latex/base/bk12.clo
File: bk12.clo 2023/05/17 v1.4n Standard LaTeX file (size option)
)
\c@part=\count188
\c@chapter=\count189
\c@section=\count190
\c@subsection=\count191
\c@subsubsection=\count192
\c@paragraph=\count193
\c@subparagraph=\count194
\c@figure=\count195
\c@table=\count196
\abovecaptionskip=\skip48
\belowcaptionskip=\skip49
\bibindent=\dimen140
) (./Packages.tex (/usr/local/texlive/2024/texmf-dist/tex/latex/base/fontenc.sty
Package: fontenc 2021/04/29 v2.0v Standard LaTeX package
) (/usr/local/texlive/2024/texmf-dist/tex/latex/base/inputenc.sty
Package: inputenc 2021/02/14 v1.3d Input encoding file
\inpenc@prehook=\toks17
\inpenc@posthook=\toks18
) (/usr/local/texlive/2024/texmf-dist/tex/latex/arabtex/arabtex.sty (/usr/local/texlive/2024/texmf-dist/tex/latex/arabtex/aconfig.sty
LaTeX2e detected 
\a@moduledate=\count197
\a@maindate=\count198
)
Package: arabtex 2003/08/22  3.11 ArabTeX main module
 (/usr/local/texlive/2024/texmf-dist/tex/latex/arabtex/arabaux.sty
Package: arabaux 2003/05/21  3.11 auxiliary macros for ArabTeX
) (/usr/local/texlive/2024/texmf-dist/tex/latex/arabtex/acmd.sty
Package: acmd 2003/08/20  3.11 Arabic command processing 
) (/usr/local/texlive/2024/texmf-dist/tex/latex/arabtex/afonts.sty
Package: afonts 1995/11/16  3.04 define Naskh font 
 (/usr/local/texlive/2024/texmf-dist/tex/latex/arabtex/afonts2.sty
Package: afonts2 1998/10/19  3.10 define Naskh fonts for LaTeX2e
)) (/usr/local/texlive/2024/texmf-dist/tex/latex/arabtex/ascan.sty
Package: ascan 2003/08/22  3.11 standard ZDMG input encoding 
 (ArabTeX) scanner for code `arabtex' installed. (ArabTeX) input encoding set to ArabTeX standard conventions.) (/usr/local/texlive/2024/texmf-dist/tex/latex/arabtex/aparse.sty
Package: aparse 2003/05/26  3.11 get syllables 
) (/usr/local/texlive/2024/texmf-dist/tex/latex/arabtex/awrite.sty
Package: awrite 2003/06/05  3.11 build output word 
 (/usr/local/texlive/2024/texmf-dist/tex/latex/arabtex/xarbsymb.sty
Package: xarbsymb 1998/07/15  3.07 symbolic output encoding 
) (/usr/local/texlive/2024/texmf-dist/tex/latex/arabtex/arabskel.sty
Package: arabskel 2000/06/04  3.10 character skeleton definitions 
) (/usr/local/texlive/2024/texmf-dist/tex/latex/arabtex/xarbskel.sty
Package: xarbskel 1999/07/17  3.09 character skeleton definitions 
) (/usr/local/texlive/2024/texmf-dist/tex/latex/arabtex/aboxes.sty
Package: aboxes 2003/05/28  3.11 build output boxes
) (/usr/local/texlive/2024/texmf-dist/tex/latex/arabtex/arabtoks.sty
Package: arabtoks 1999/07/17  3.09 ArabTeX CS token definitions 
) (/usr/local/texlive/2024/texmf-dist/tex/latex/arabtex/arabchrs.sty
Package: arabchrs 1998/07/11  3.07 letter token definitions 
)) (/usr/local/texlive/2024/texmf-dist/tex/latex/arabtex/aligs.sty
Package: aligs 2003/05/26  3.11 compute ligatures
) (/usr/local/texlive/2024/texmf-dist/tex/latex/arabtex/aoutput.sty
Package: aoutput 2000/06/04  3.10 build output lines
) (/usr/local/texlive/2024/texmf-dist/tex/latex/arabtex/abidir.sty
Package: abidir 2003/08/22  3.11 bidirectional linebreaking
) (/usr/local/texlive/2024/texmf-dist/tex/latex/arabtex/atrans.sty
Package: atrans 2003/06/14  3.11 generate the transliteration 
 (ArabTeX) ZDMG transliteration.) (/usr/local/texlive/2024/texmf-dist/tex/latex/arabtex/alatex.sty
Package: alatex 2003/05/04  3.11 ArabTeX extensions for LaTeX 
 (/usr/local/texlive/2024/texmf-dist/tex/latex/arabtex/afoot.sty
Package: afoot 2003/05/12  3.11 ArabTeX footnotes
)) (/usr/local/texlive/2024/texmf-dist/tex/latex/arabtex/abjad.sty
Package: abjad 2003/04/26  3.11 abjad numerals 
) (/usr/local/texlive/2024/texmf-dist/tex/latex/arabtex/apatch.sty (/usr/local/texlive/2024/texmf-dist/tex/latex/arabtex/alists.sty
Package: alists 2003/04/26  3.11 inverted list macros
) (/usr/local/texlive/2024/texmf-dist/tex/latex/arabtex/asect.sty
Package: asect 2003/04/26  3.11 section macros for Arabic
) (/usr/local/texlive/2024/texmf-dist/tex/latex/arabtex/atabg.sty
Package: atabg 1997/01/21  3.05 LaTeX tabbing macros for Arabic
) (/usr/local/texlive/2024/texmf-dist/tex/latex/arabtex/alocal.sty (ArabTeX) 3.11 local stub, 26.02.2006)
Package: apatch 2006/07/02  3.11s last minute patches 
)
Arabic processor `ArabTeX' [20060702 patch level 3.11s (02.07.2006)]
(ArabTeX) ... now be patient ... ) (/usr/local/texlive/2024/texmf-dist/tex/latex/arabtex/utf8.sty (/usr/local/texlive/2024/texmf-dist/tex/latex/arabtex/utfcode.sty
Package: utfcode 2002/03/07  3.10a Arabic+Hebrew segment of UTF-8
\u@lb=\count294
\u@lq=\count295
)
Package: utf8 2000/06/13  3.10 UTF-8 input encoding 
 (ArabTeX) scanner for code UTF-8 installed.) (ArabTeX) input encoding set to UTF-8 conventions (/usr/local/texlive/2024/texmf-dist/tex/latex/setspace/setspace.sty
Package: setspace 2022/12/04 v6.7b set line spacing
) (/usr/local/texlive/2024/texmf-dist/tex/latex/base/fontenc.sty
Package: fontenc 2021/04/29 v2.0v Standard LaTeX package
) (/usr/local/texlive/2024/texmf-dist/tex/generic/babel/babel.sty
Package: babel 2024/02/07 v24.2 The Babel package
\babel@savecnt=\count296
\U@D=\dimen163
\l@unhyphenated=\language89
 (/usr/local/texlive/2024/texmf-dist/tex/generic/babel/txtbabel.def)
\bbl@readstream=\read2
\bbl@dirlevel=\count297
 (/usr/local/texlive/2024/texmf-dist/tex/generic/babel-french/french.ldf
Language: french 2024-02-29 v3.5s French support from the babel system
Package babel Info: Hyphen rules for 'acadian' set to \l@french
(babel)             (\language31). Reported on input line 91.
Package babel Info: Hyphen rules for 'canadien' set to \l@french
(babel)             (\language31). Reported on input line 92.
\FB@stdchar=\count298
Package babel Info: Making : an active character on input line 420.
Package babel Info: Making ; an active character on input line 421.
Package babel Info: Making ! an active character on input line 422.
Package babel Info: Making ? an active character on input line 423.
\FBguill@level=\count299
\FBold@everypar=\toks39
\FB@Mht=\dimen164
\mc@charclass=\count300
\mc@charfam=\count301
\mc@charslot=\count302
\std@mcc=\count303
\dec@mcc=\count304
\FB@parskip=\dimen165
\listindentFB=\dimen166
\descindentFB=\dimen167
\labelindentFB=\dimen168
\labelwidthFB=\dimen169
\leftmarginFB=\dimen170
\parindentFFN=\dimen171
\FBfnindent=\dimen172
)) (/usr/local/texlive/2024/texmf-dist/tex/generic/babel/locale/fr/babel-french.tex
Package babel Info: Importing font and identification data for french
(babel)             from babel-fr.ini. Reported on input line 11.
) (/usr/local/texlive/2024/texmf-dist/tex/latex/carlisle/scalefnt.sty) (/usr/local/texlive/2024/texmf-dist/tex/latex/graphics/keyval.sty
Package: keyval 2022/05/29 v1.15 key=value parser (DPC)
\KV@toks@=\toks40
) (/usr/local/texlive/2024/texmf-dist/tex/latex/svg/svg.sty
Package: svg 2020/11/26 v2.02k (include SVG pictures)
 (/usr/local/texlive/2024/texmf-dist/tex/generic/iftex/iftex.sty
Package: iftex 2022/02/03 v1.0f TeX engine tests
) (/usr/local/texlive/2024/texmf-dist/tex/latex/koma-script/scrbase.sty
Package: scrbase 2023/07/07 v3.41 KOMA-Script package (KOMA-Script-independent basics and keyval usage)
 (/usr/local/texlive/2024/texmf-dist/tex/latex/koma-script/scrlfile.sty
Package: scrlfile 2023/07/07 v3.41 KOMA-Script package (file load hooks)
 (/usr/local/texlive/2024/texmf-dist/tex/latex/koma-script/scrlfile-hook.sty
Package: scrlfile-hook 2023/07/07 v3.41 KOMA-Script package (using LaTeX hooks)
 (/usr/local/texlive/2024/texmf-dist/tex/latex/koma-script/scrlogo.sty
Package: scrlogo 2023/07/07 v3.41 KOMA-Script package (logo)
)))
Applying: [2021/05/01] Usage of raw or classic option list on input line 252.
Already applied: [0000/00/00] Usage of raw or classic option list on input line 368.
) (/usr/local/texlive/2024/texmf-dist/tex/generic/pdftexcmds/pdftexcmds.sty
Package: pdftexcmds 2020-06-27 v0.33 Utility functions of pdfTeX for LuaTeX (HO)
 (/usr/local/texlive/2024/texmf-dist/tex/generic/infwarerr/infwarerr.sty
Package: infwarerr 2019/12/03 v1.5 Providing info/warning/error messages (HO)
) (/usr/local/texlive/2024/texmf-dist/tex/generic/ltxcmds/ltxcmds.sty
Package: ltxcmds 2023-12-04 v1.26 LaTeX kernel commands for general use (HO)
)
Package pdftexcmds Info: \pdf@primitive is available.
Package pdftexcmds Info: \pdf@ifprimitive is available.
Package pdftexcmds Info: \pdfdraftmode found.
) (/usr/local/texlive/2024/texmf-dist/tex/latex/trimspaces/trimspaces.sty
Package: trimspaces 2009/09/17 v1.1 Trim spaces around a token list
) (/usr/local/texlive/2024/texmf-dist/tex/latex/graphics/graphicx.sty
Package: graphicx 2021/09/16 v1.2d Enhanced LaTeX Graphics (DPC,SPQR)
 (/usr/local/texlive/2024/texmf-dist/tex/latex/graphics/graphics.sty
Package: graphics 2022/03/10 v1.4e Standard LaTeX Graphics (DPC,SPQR)
 (/usr/local/texlive/2024/texmf-dist/tex/latex/graphics/trig.sty
Package: trig 2021/08/11 v1.11 sin cos tan (DPC)
) (/usr/local/texlive/2024/texmf-dist/tex/latex/graphics-cfg/graphics.cfg
File: graphics.cfg 2016/06/04 v1.11 sample graphics configuration
)
Package graphics Info: Driver file: pdftex.def on input line 107.
 (/usr/local/texlive/2024/texmf-dist/tex/latex/graphics-def/pdftex.def
File: pdftex.def 2022/09/22 v1.2b Graphics/color driver for pdftex
))
\Gin@req@height=\dimen173
\Gin@req@width=\dimen174
) (/usr/local/texlive/2024/texmf-dist/tex/latex/tools/shellesc.sty
Package: shellesc 2023/07/08 v1.0d unified shell escape interface for LaTeX
Package shellesc Info: Restricted shell escape enabled on input line 77.
)
\c@svg@param@lastpage=\count305
\svg@box=\box66
\c@svg@param@currpage=\count306
) (/usr/local/texlive/2024/texmf-dist/tex/latex/xcolor/xcolor.sty
Package: xcolor 2023/11/15 v3.01 LaTeX color extensions (UK)
 (/usr/local/texlive/2024/texmf-dist/tex/latex/graphics-cfg/color.cfg
File: color.cfg 2016/01/02 v1.6 sample color configuration
)
Package xcolor Info: Driver file: pdftex.def on input line 274.
 (/usr/local/texlive/2024/texmf-dist/tex/latex/graphics/mathcolor.ltx)
Package xcolor Info: Model `cmy' substituted by `cmy0' on input line 1350.
Package xcolor Info: Model `hsb' substituted by `rgb' on input line 1354.
Package xcolor Info: Model `RGB' extended on input line 1366.
Package xcolor Info: Model `HTML' substituted by `rgb' on input line 1368.
Package xcolor Info: Model `Hsb' substituted by `hsb' on input line 1369.
Package xcolor Info: Model `tHsb' substituted by `hsb' on input line 1370.
Package xcolor Info: Model `HSB' substituted by `hsb' on input line 1371.
Package xcolor Info: Model `Gray' substituted by `gray' on input line 1372.
Package xcolor Info: Model `wave' substituted by `hsb' on input line 1373.
) (/usr/local/texlive/2024/texmf-dist/tex/latex/transparent/transparent.sty
Package: transparent 2022-10-27 v1.5 Transparency with color stacks
 (/usr/local/texlive/2024/texmf-dist/tex/latex/transparent/transparent-nometadata.sty
Package: transparent-nometadata 2022-10-27 v1.5 Transparency via pdfTeX's color stack (HO)
 (/usr/local/texlive/2024/texmf-dist/tex/latex/auxhook/auxhook.sty
Package: auxhook 2019-12-17 v1.6 Hooks for auxiliary files (HO)


Package auxhook Warning: Cannot patch \document,
(auxhook)                using \AtBeginDocument instead.

))) (/usr/local/texlive/2024/texmf-dist/tex/latex/pgf/systemlayer/pgfsys.sty (/usr/local/texlive/2024/texmf-dist/tex/latex/pgf/utilities/pgfrcs.sty (/usr/local/texlive/2024/texmf-dist/tex/generic/pgf/utilities/pgfutil-common.tex
\pgfutil@everybye=\toks41
\pgfutil@tempdima=\dimen175
\pgfutil@tempdimb=\dimen176
) (/usr/local/texlive/2024/texmf-dist/tex/generic/pgf/utilities/pgfutil-latex.def
\pgfutil@abb=\box67
) (/usr/local/texlive/2024/texmf-dist/tex/generic/pgf/utilities/pgfrcs.code.tex (/usr/local/texlive/2024/texmf-dist/tex/generic/pgf/pgf.revision.tex)
Package: pgfrcs 2023-01-15 v3.1.10 (3.1.10)
)) (/usr/local/texlive/2024/texmf-dist/tex/generic/pgf/systemlayer/pgfsys.code.tex
Package: pgfsys 2023-01-15 v3.1.10 (3.1.10)
 (/usr/local/texlive/2024/texmf-dist/tex/generic/pgf/utilities/pgfkeys.code.tex
\pgfkeys@pathtoks=\toks42
\pgfkeys@temptoks=\toks43
 (/usr/local/texlive/2024/texmf-dist/tex/generic/pgf/utilities/pgfkeyslibraryfiltered.code.tex
\pgfkeys@tmptoks=\toks44
))
\pgf@x=\dimen177
\pgf@y=\dimen178
\pgf@xa=\dimen179
\pgf@ya=\dimen180
\pgf@xb=\dimen181
\pgf@yb=\dimen182
\pgf@xc=\dimen183
\pgf@yc=\dimen184
\pgf@xd=\dimen185
\pgf@yd=\dimen186
\w@pgf@writea=\write5
\r@pgf@reada=\read3
\c@pgf@counta=\count307
\c@pgf@countb=\count308
\c@pgf@countc=\count309
\c@pgf@countd=\count310
\t@pgf@toka=\toks45
\t@pgf@tokb=\toks46
\t@pgf@tokc=\toks47
\pgf@sys@id@count=\count311
 (/usr/local/texlive/2024/texmf-dist/tex/generic/pgf/systemlayer/pgf.cfg
File: pgf.cfg 2023-01-15 v3.1.10 (3.1.10)
)
Driver file for pgf: pgfsys-pdftex.def
 (/usr/local/texlive/2024/texmf-dist/tex/generic/pgf/systemlayer/pgfsys-pdftex.def
File: pgfsys-pdftex.def 2023-01-15 v3.1.10 (3.1.10)
 (/usr/local/texlive/2024/texmf-dist/tex/generic/pgf/systemlayer/pgfsys-common-pdf.def
File: pgfsys-common-pdf.def 2023-01-15 v3.1.10 (3.1.10)
))) (/usr/local/texlive/2024/texmf-dist/tex/generic/pgf/systemlayer/pgfsyssoftpath.code.tex
File: pgfsyssoftpath.code.tex 2023-01-15 v3.1.10 (3.1.10)
\pgfsyssoftpath@smallbuffer@items=\count312
\pgfsyssoftpath@bigbuffer@items=\count313
) (/usr/local/texlive/2024/texmf-dist/tex/generic/pgf/systemlayer/pgfsysprotocol.code.tex
File: pgfsysprotocol.code.tex 2023-01-15 v3.1.10 (3.1.10)
)) (/usr/local/texlive/2024/texmf-dist/tex/latex/amsmath/amsmath.sty
Package: amsmath 2023/05/13 v2.17o AMS math features
\@mathmargin=\skip52

For additional information on amsmath, use the `?' option.
(/usr/local/texlive/2024/texmf-dist/tex/latex/amsmath/amstext.sty
Package: amstext 2021/08/26 v2.01 AMS text
 (/usr/local/texlive/2024/texmf-dist/tex/latex/amsmath/amsgen.sty
File: amsgen.sty 1999/11/30 v2.0 generic functions
\@emptytoks=\toks48
\ex@=\dimen187
)) (/usr/local/texlive/2024/texmf-dist/tex/latex/amsmath/amsbsy.sty
Package: amsbsy 1999/11/29 v1.2d Bold Symbols
\pmbraise@=\dimen188
) (/usr/local/texlive/2024/texmf-dist/tex/latex/amsmath/amsopn.sty
Package: amsopn 2022/04/08 v2.04 operator names
)
\inf@bad=\count314
LaTeX Info: Redefining \frac on input line 234.
\uproot@=\count315
\leftroot@=\count316
LaTeX Info: Redefining \overline on input line 399.
LaTeX Info: Redefining \colon on input line 410.
\classnum@=\count317
\DOTSCASE@=\count318
LaTeX Info: Redefining \ldots on input line 496.
LaTeX Info: Redefining \dots on input line 499.
LaTeX Info: Redefining \cdots on input line 620.
\Mathstrutbox@=\box68
\strutbox@=\box69
LaTeX Info: Redefining \big on input line 722.
LaTeX Info: Redefining \Big on input line 723.
LaTeX Info: Redefining \bigg on input line 724.
LaTeX Info: Redefining \Bigg on input line 725.
\big@size=\dimen189
LaTeX Font Info:    Redeclaring font encoding OML on input line 743.
LaTeX Font Info:    Redeclaring font encoding OMS on input line 744.
\macc@depth=\count319
LaTeX Info: Redefining \bmod on input line 905.
LaTeX Info: Redefining \pmod on input line 910.
LaTeX Info: Redefining \smash on input line 940.
LaTeX Info: Redefining \relbar on input line 970.
LaTeX Info: Redefining \Relbar on input line 971.
\c@MaxMatrixCols=\count320
\dotsspace@=\muskip16
\c@parentequation=\count321
\dspbrk@lvl=\count322
\tag@help=\toks49
\row@=\count323
\column@=\count324
\maxfields@=\count325
\andhelp@=\toks50
\eqnshift@=\dimen190
\alignsep@=\dimen191
\tagshift@=\dimen192
\tagwidth@=\dimen193
\totwidth@=\dimen194
\lineht@=\dimen195
\@envbody=\toks51
\multlinegap=\skip53
\multlinetaggap=\skip54
\mathdisplay@stack=\toks52
LaTeX Info: Redefining \[ on input line 2953.
LaTeX Info: Redefining \] on input line 2954.
) (/usr/local/texlive/2024/texmf-dist/tex/latex/amscls/amsthm.sty
Package: amsthm 2020/05/29 v2.20.6
\thm@style=\toks53
\thm@bodyfont=\toks54
\thm@headfont=\toks55
\thm@notefont=\toks56
\thm@headpunct=\toks57
\thm@preskip=\skip55
\thm@postskip=\skip56
\thm@headsep=\skip57
\dth@everypar=\toks58
) (/usr/local/texlive/2024/texmf-dist/tex/latex/amsfonts/amssymb.sty
Package: amssymb 2013/01/14 v3.01 AMS font symbols
 (/usr/local/texlive/2024/texmf-dist/tex/latex/amsfonts/amsfonts.sty
Package: amsfonts 2013/01/14 v3.01 Basic AMSFonts support
\symAMSa=\mathgroup4
\symAMSb=\mathgroup5
LaTeX Font Info:    Redeclaring math symbol \hbar on input line 98.
LaTeX Font Info:    Overwriting math alphabet `\mathfrak' in version `bold'
(Font)                  U/euf/m/n --> U/euf/b/n on input line 106.
)) (/usr/local/texlive/2024/texmf-dist/tex/latex/pgf/frontendlayer/tikz.sty (/usr/local/texlive/2024/texmf-dist/tex/latex/pgf/basiclayer/pgf.sty
Package: pgf 2023-01-15 v3.1.10 (3.1.10)
 (/usr/local/texlive/2024/texmf-dist/tex/latex/pgf/basiclayer/pgfcore.sty (/usr/local/texlive/2024/texmf-dist/tex/generic/pgf/basiclayer/pgfcore.code.tex
Package: pgfcore 2023-01-15 v3.1.10 (3.1.10)
 (/usr/local/texlive/2024/texmf-dist/tex/generic/pgf/math/pgfmath.code.tex (/usr/local/texlive/2024/texmf-dist/tex/generic/pgf/math/pgfmathutil.code.tex) (/usr/local/texlive/2024/texmf-dist/tex/generic/pgf/math/pgfmathparser.code.tex
\pgfmath@dimen=\dimen196
\pgfmath@count=\count326
\pgfmath@box=\box70
\pgfmath@toks=\toks59
\pgfmath@stack@operand=\toks60
\pgfmath@stack@operation=\toks61
) (/usr/local/texlive/2024/texmf-dist/tex/generic/pgf/math/pgfmathfunctions.code.tex) (/usr/local/texlive/2024/texmf-dist/tex/generic/pgf/math/pgfmathfunctions.basic.code.tex) (/usr/local/texlive/2024/texmf-dist/tex/generic/pgf/math/pgfmathfunctions.trigonometric.code.tex) (/usr/local/texlive/2024/texmf-dist/tex/generic/pgf/math/pgfmathfunctions.random.code.tex) (/usr/local/texlive/2024/texmf-dist/tex/generic/pgf/math/pgfmathfunctions.comparison.code.tex) (/usr/local/texlive/2024/texmf-dist/tex/generic/pgf/math/pgfmathfunctions.base.code.tex) (/usr/local/texlive/2024/texmf-dist/tex/generic/pgf/math/pgfmathfunctions.round.code.tex) (/usr/local/texlive/2024/texmf-dist/tex/generic/pgf/math/pgfmathfunctions.misc.code.tex) (/usr/local/texlive/2024/texmf-dist/tex/generic/pgf/math/pgfmathfunctions.integerarithmetics.code.tex) (/usr/local/texlive/2024/texmf-dist/tex/generic/pgf/math/pgfmathcalc.code.tex) (/usr/local/texlive/2024/texmf-dist/tex/generic/pgf/math/pgfmathfloat.code.tex
\c@pgfmathroundto@lastzeros=\count327
)) (/usr/local/texlive/2024/texmf-dist/tex/generic/pgf/math/pgfint.code.tex) (/usr/local/texlive/2024/texmf-dist/tex/generic/pgf/basiclayer/pgfcorepoints.code.tex
File: pgfcorepoints.code.tex 2023-01-15 v3.1.10 (3.1.10)
\pgf@picminx=\dimen197
\pgf@picmaxx=\dimen198
\pgf@picminy=\dimen199
\pgf@picmaxy=\dimen256
\pgf@pathminx=\dimen257
\pgf@pathmaxx=\dimen258
\pgf@pathminy=\dimen259
\pgf@pathmaxy=\dimen260
\pgf@xx=\dimen261
\pgf@xy=\dimen262
\pgf@yx=\dimen263
\pgf@yy=\dimen264
\pgf@zx=\dimen265
\pgf@zy=\dimen266
) (/usr/local/texlive/2024/texmf-dist/tex/generic/pgf/basiclayer/pgfcorepathconstruct.code.tex
File: pgfcorepathconstruct.code.tex 2023-01-15 v3.1.10 (3.1.10)
\pgf@path@lastx=\dimen267
\pgf@path@lasty=\dimen268
) (/usr/local/texlive/2024/texmf-dist/tex/generic/pgf/basiclayer/pgfcorepathusage.code.tex
File: pgfcorepathusage.code.tex 2023-01-15 v3.1.10 (3.1.10)
\pgf@shorten@end@additional=\dimen269
\pgf@shorten@start@additional=\dimen270
) (/usr/local/texlive/2024/texmf-dist/tex/generic/pgf/basiclayer/pgfcorescopes.code.tex
File: pgfcorescopes.code.tex 2023-01-15 v3.1.10 (3.1.10)
\pgfpic=\box71
\pgf@hbox=\box72
\pgf@layerbox@main=\box73
\pgf@picture@serial@count=\count328
) (/usr/local/texlive/2024/texmf-dist/tex/generic/pgf/basiclayer/pgfcoregraphicstate.code.tex
File: pgfcoregraphicstate.code.tex 2023-01-15 v3.1.10 (3.1.10)
\pgflinewidth=\dimen271
) (/usr/local/texlive/2024/texmf-dist/tex/generic/pgf/basiclayer/pgfcoretransformations.code.tex
File: pgfcoretransformations.code.tex 2023-01-15 v3.1.10 (3.1.10)
\pgf@pt@x=\dimen272
\pgf@pt@y=\dimen273
\pgf@pt@temp=\dimen274
) (/usr/local/texlive/2024/texmf-dist/tex/generic/pgf/basiclayer/pgfcorequick.code.tex
File: pgfcorequick.code.tex 2023-01-15 v3.1.10 (3.1.10)
) (/usr/local/texlive/2024/texmf-dist/tex/generic/pgf/basiclayer/pgfcoreobjects.code.tex
File: pgfcoreobjects.code.tex 2023-01-15 v3.1.10 (3.1.10)
) (/usr/local/texlive/2024/texmf-dist/tex/generic/pgf/basiclayer/pgfcorepathprocessing.code.tex
File: pgfcorepathprocessing.code.tex 2023-01-15 v3.1.10 (3.1.10)
) (/usr/local/texlive/2024/texmf-dist/tex/generic/pgf/basiclayer/pgfcorearrows.code.tex
File: pgfcorearrows.code.tex 2023-01-15 v3.1.10 (3.1.10)
\pgfarrowsep=\dimen275
) (/usr/local/texlive/2024/texmf-dist/tex/generic/pgf/basiclayer/pgfcoreshade.code.tex
File: pgfcoreshade.code.tex 2023-01-15 v3.1.10 (3.1.10)
\pgf@max=\dimen276
\pgf@sys@shading@range@num=\count329
\pgf@shadingcount=\count330
) (/usr/local/texlive/2024/texmf-dist/tex/generic/pgf/basiclayer/pgfcoreimage.code.tex
File: pgfcoreimage.code.tex 2023-01-15 v3.1.10 (3.1.10)
) (/usr/local/texlive/2024/texmf-dist/tex/generic/pgf/basiclayer/pgfcoreexternal.code.tex
File: pgfcoreexternal.code.tex 2023-01-15 v3.1.10 (3.1.10)
\pgfexternal@startupbox=\box74
) (/usr/local/texlive/2024/texmf-dist/tex/generic/pgf/basiclayer/pgfcorelayers.code.tex
File: pgfcorelayers.code.tex 2023-01-15 v3.1.10 (3.1.10)
) (/usr/local/texlive/2024/texmf-dist/tex/generic/pgf/basiclayer/pgfcoretransparency.code.tex
File: pgfcoretransparency.code.tex 2023-01-15 v3.1.10 (3.1.10)
) (/usr/local/texlive/2024/texmf-dist/tex/generic/pgf/basiclayer/pgfcorepatterns.code.tex
File: pgfcorepatterns.code.tex 2023-01-15 v3.1.10 (3.1.10)
) (/usr/local/texlive/2024/texmf-dist/tex/generic/pgf/basiclayer/pgfcorerdf.code.tex
File: pgfcorerdf.code.tex 2023-01-15 v3.1.10 (3.1.10)
))) (/usr/local/texlive/2024/texmf-dist/tex/generic/pgf/modules/pgfmoduleshapes.code.tex
File: pgfmoduleshapes.code.tex 2023-01-15 v3.1.10 (3.1.10)
\pgfnodeparttextbox=\box75
) (/usr/local/texlive/2024/texmf-dist/tex/generic/pgf/modules/pgfmoduleplot.code.tex
File: pgfmoduleplot.code.tex 2023-01-15 v3.1.10 (3.1.10)
) (/usr/local/texlive/2024/texmf-dist/tex/latex/pgf/compatibility/pgfcomp-version-0-65.sty
Package: pgfcomp-version-0-65 2023-01-15 v3.1.10 (3.1.10)
\pgf@nodesepstart=\dimen277
\pgf@nodesepend=\dimen278
) (/usr/local/texlive/2024/texmf-dist/tex/latex/pgf/compatibility/pgfcomp-version-1-18.sty
Package: pgfcomp-version-1-18 2023-01-15 v3.1.10 (3.1.10)
)) (/usr/local/texlive/2024/texmf-dist/tex/latex/pgf/utilities/pgffor.sty (/usr/local/texlive/2024/texmf-dist/tex/latex/pgf/utilities/pgfkeys.sty (/usr/local/texlive/2024/texmf-dist/tex/generic/pgf/utilities/pgfkeys.code.tex)) (/usr/local/texlive/2024/texmf-dist/tex/latex/pgf/math/pgfmath.sty (/usr/local/texlive/2024/texmf-dist/tex/generic/pgf/math/pgfmath.code.tex)) (/usr/local/texlive/2024/texmf-dist/tex/generic/pgf/utilities/pgffor.code.tex
Package: pgffor 2023-01-15 v3.1.10 (3.1.10)
\pgffor@iter=\dimen279
\pgffor@skip=\dimen280
\pgffor@stack=\toks62
\pgffor@toks=\toks63
)) (/usr/local/texlive/2024/texmf-dist/tex/generic/pgf/frontendlayer/tikz/tikz.code.tex
Package: tikz 2023-01-15 v3.1.10 (3.1.10)
 (/usr/local/texlive/2024/texmf-dist/tex/generic/pgf/libraries/pgflibraryplothandlers.code.tex
File: pgflibraryplothandlers.code.tex 2023-01-15 v3.1.10 (3.1.10)
\pgf@plot@mark@count=\count331
\pgfplotmarksize=\dimen281
)
\tikz@lastx=\dimen282
\tikz@lasty=\dimen283
\tikz@lastxsaved=\dimen284
\tikz@lastysaved=\dimen285
\tikz@lastmovetox=\dimen286
\tikz@lastmovetoy=\dimen287
\tikzleveldistance=\dimen288
\tikzsiblingdistance=\dimen289
\tikz@figbox=\box76
\tikz@figbox@bg=\box77
\tikz@tempbox=\box78
\tikz@tempbox@bg=\box79
\tikztreelevel=\count332
\tikznumberofchildren=\count333
\tikznumberofcurrentchild=\count334
\tikz@fig@count=\count335
 (/usr/local/texlive/2024/texmf-dist/tex/generic/pgf/modules/pgfmodulematrix.code.tex
File: pgfmodulematrix.code.tex 2023-01-15 v3.1.10 (3.1.10)
\pgfmatrixcurrentrow=\count336
\pgfmatrixcurrentcolumn=\count337
\pgf@matrix@numberofcolumns=\count338
)
\tikz@expandcount=\count339
 (/usr/local/texlive/2024/texmf-dist/tex/generic/pgf/frontendlayer/tikz/libraries/tikzlibrarytopaths.code.tex
File: tikzlibrarytopaths.code.tex 2023-01-15 v3.1.10 (3.1.10)
))) (/usr/local/texlive/2024/texmf-dist/tex/latex/tcolorbox/tcolorbox.sty
Package: tcolorbox 2024/01/10 version 6.2.0 text color boxes
 (/usr/local/texlive/2024/texmf-dist/tex/latex/tools/verbatim.sty
Package: verbatim 2023-11-06 v1.5v LaTeX2e package for verbatim enhancements
\every@verbatim=\toks64
\verbatim@line=\toks65
\verbatim@in@stream=\read4
) (/usr/local/texlive/2024/texmf-dist/tex/latex/environ/environ.sty
Package: environ 2014/05/04 v0.3 A new way to define environments
) (/usr/local/texlive/2024/texmf-dist/tex/latex/etoolbox/etoolbox.sty
Package: etoolbox 2020/10/05 v2.5k e-TeX tools for LaTeX (JAW)
\etb@tempcnta=\count340
)
\tcb@titlebox=\box80
\tcb@upperbox=\box81
\tcb@lowerbox=\box82
\tcb@phantombox=\box83
\c@tcbbreakpart=\count341
\c@tcblayer=\count342
\c@tcolorbox@number=\count343
\l__tcobox_tmpa_box=\box84
\l__tcobox_tmpa_dim=\dimen290
\tcb@temp=\box85
\tcb@temp=\box86
\tcb@temp=\box87
\tcb@temp=\box88
) (/usr/local/texlive/2024/texmf-dist/tex/latex/tools/tabularx.sty
Package: tabularx 2023/07/08 v2.11c `tabularx' package (DPC)
 (/usr/local/texlive/2024/texmf-dist/tex/latex/tools/array.sty
Package: array 2023/10/16 v2.5g Tabular extension package (FMi)
\col@sep=\dimen291
\ar@mcellbox=\box89
\extrarowheight=\dimen292
\NC@list=\toks66
\extratabsurround=\skip58
\backup@length=\skip59
\ar@cellbox=\box90
)
\TX@col@width=\dimen293
\TX@old@table=\dimen294
\TX@old@col=\dimen295
\TX@target=\dimen296
\TX@delta=\dimen297
\TX@cols=\count344
\TX@ftn=\toks67
) (/usr/local/texlive/2024/texmf-dist/tex/generic/pgf/frontendlayer/tikz/libraries/tikzlibrarycalc.code.tex
File: tikzlibrarycalc.code.tex 2023-01-15 v3.1.10 (3.1.10)
) (/usr/local/texlive/2024/texmf-dist/tex/latex/algorithm2e/algorithm2e.sty
Package: algorithm2e 2017/07/18 v5.2 algorithms environments
\c@AlgoLine=\count345
 (/usr/local/texlive/2024/texmf-dist/tex/latex/base/ifthen.sty
Package: ifthen 2022/04/13 v1.1d Standard LaTeX ifthen package (DPC)
)
\algocf@hangindent=\skip60
 (/usr/local/texlive/2024/texmf-dist/tex/latex/ifoddpage/ifoddpage.sty
Package: ifoddpage 2022/10/18 v1.2 Conditionals for odd/even page detection
\c@checkoddpage=\count346
) (/usr/local/texlive/2024/texmf-dist/tex/latex/tools/xspace.sty
Package: xspace 2014/10/28 v1.13 Space after command names (DPC,MH)
) (/usr/local/texlive/2024/texmf-dist/tex/latex/relsize/relsize.sty
Package: relsize 2013/03/29 ver 4.1
)
\skiptotal=\skip61
\skiplinenumber=\skip62
\skiprule=\skip63
\skiphlne=\skip64
\skiptext=\skip65
\skiplength=\skip66
\algomargin=\skip67
\skipalgocfslide=\skip68
\algowidth=\dimen298
\inoutsize=\dimen299
\inoutindent=\dimen300
\interspacetitleruled=\dimen301
\interspacealgoruled=\dimen302
\interspacetitleboxruled=\dimen303
\algocf@ruledwidth=\skip69
\algocf@inoutbox=\box91
\algocf@inputbox=\box92
\AlCapSkip=\skip70
\AlCapHSkip=\skip71
\algoskipindent=\skip72
\algocf@nlbox=\box93
\algocf@hangingbox=\box94
\algocf@untilbox=\box95
\algocf@skipuntil=\skip73
\algocf@capbox=\box96
\algocf@lcaptionbox=\skip74
\algoheightruledefault=\skip75
\algoheightrule=\skip76
\algotitleheightruledefault=\skip77
\algotitleheightrule=\skip78
\c@algocfline=\count347
\c@algocfproc=\count348
\c@algocf=\count349
\algocf@algoframe=\box97
\algocf@algobox=\box98
) (/usr/local/texlive/2024/texmf-dist/tex/latex/graphics/rotating.sty
Package: rotating 2016/08/11 v2.16d rotated objects in LaTeX
\c@r@tfl@t=\count350
\rotFPtop=\skip79
\rotFPbot=\skip80
\rot@float@box=\box99
\rot@mess@toks=\toks68
) (/usr/local/texlive/2024/texmf-dist/tex/latex/bbding/bbding.sty
Package: bbding 1999/04/15 v1.01 Dingbats symbols
) (/usr/local/texlive/2024/texmf-dist/tex/latex/cite/cite.sty
LaTeX Info: Redefining \cite on input line 302.
LaTeX Info: Redefining \nocite on input line 332.
Package: cite 2015/02/27  v 5.5
) (/usr/local/texlive/2024/texmf-dist/tex/latex/graphics/lscape.sty
Package: lscape 2020/05/28 v3.02 Landscape Pages (DPC)
) (/usr/local/texlive/2024/texmf-dist/tex/latex/sectsty/sectsty.sty
Package: sectsty 2002/02/25 v2.0.2 Commands to change all sectional heading styles


LaTeX Warning: Command \underbar  has changed.
               Check if current package is valid.


LaTeX Warning: Command \underline  has changed.
               Check if current package is valid.

) (/usr/local/texlive/2024/texmf-dist/tex/latex/doublestroke/dsfont.sty
Package: dsfont 1995/08/01 v0.1 Double stroke roman fonts
) (/usr/local/texlive/2024/texmf-dist/tex/generic/iftex/ifpdf.sty
Package: ifpdf 2019/10/25 v3.4 ifpdf legacy package. Use iftex instead.
) (/usr/local/texlive/2024/texmf-dist/tex/latex/subfigure/subfigure.sty
Package: subfigure 2002/03/15 v2.1.5 subfigure package
\subfigtopskip=\skip81
\subfigcapskip=\skip82
\subfigcaptopadj=\dimen304
\subfigbottomskip=\skip83
\subfigcapmargin=\dimen305
\subfiglabelskip=\skip84
\c@subfigure=\count351
\c@lofdepth=\count352
\c@subtable=\count353
\c@lotdepth=\count354

****************************************
* Local config file subfigure.cfg used *
****************************************
(/usr/local/texlive/2024/texmf-dist/tex/latex/subfigure/subfigure.cfg)
\subfig@top=\skip85
\subfig@bottom=\skip86
) (/usr/local/texlive/2024/texmf-dist/tex/latex/graphics/epsfig.sty
Package: epsfig 2017/06/25 v1.7b (e)psfig emulation (SPQR)
\epsfxsize=\dimen306
\epsfysize=\dimen307
) (/usr/local/texlive/2024/texmf-dist/tex/latex/float/float.sty
Package: float 2001/11/08 v1.3d Float enhancements (AL)
\c@float@type=\count355
\float@exts=\toks69
\float@box=\box100
\@float@everytoks=\toks70
\@floatcapt=\box101
) (/usr/local/texlive/2024/texmf-dist/tex/latex/titlesec/titlesec.sty
Package: titlesec 2023/10/27 v2.16 Sectioning titles
\ttl@box=\box102
\beforetitleunit=\skip87
\aftertitleunit=\skip88
\ttl@plus=\dimen308
\ttl@minus=\dimen309
\ttl@toksa=\toks71
\titlewidth=\dimen310
\titlewidthlast=\dimen311
\titlewidthfirst=\dimen312
) (/usr/local/texlive/2024/texmf-dist/tex/latex/multibib/multibib.sty
Package: multibib 2008/12/10 v1.4 Multiple bibliographies for one document.
\mb@biblabelwidth=\count356
) (/usr/local/texlive/2024/texmf-dist/tex/latex/fancyhdr/fancyhdr.sty
Package: fancyhdr 2022/11/09 v4.1 Extensive control of page headers and footers
\f@nch@headwidth=\skip89
\f@nch@O@elh=\skip90
\f@nch@O@erh=\skip91
\f@nch@O@olh=\skip92
\f@nch@O@orh=\skip93
\f@nch@O@elf=\skip94
\f@nch@O@erf=\skip95
\f@nch@O@olf=\skip96
\f@nch@O@orf=\skip97
) (/usr/local/texlive/2024/texmf-dist/tex/latex/lipsum/lipsum.sty (/usr/local/texlive/2024/texmf-dist/tex/latex/l3packages/l3keys2e/l3keys2e.sty (/usr/local/texlive/2024/texmf-dist/tex/latex/l3kernel/expl3.sty
Package: expl3 2024-02-20 L3 programming layer (loader) 
 (/usr/local/texlive/2024/texmf-dist/tex/latex/l3backend/l3backend-pdftex.def
File: l3backend-pdftex.def 2024-02-20 L3 backend support: PDF output (pdfTeX)
\l__color_backend_stack_int=\count357
\l__pdf_internal_box=\box103
))
Package: l3keys2e 2024-02-18 LaTeX2e option processing using LaTeX3 keys
)
Package: lipsum 2021-09-20 v2.7 150 paragraphs of Lorem Ipsum dummy text
\g__lipsum_par_int=\count358
\l__lipsum_a_int=\count359
\l__lipsum_b_int=\count360
 (/usr/local/texlive/2024/texmf-dist/tex/latex/lipsum/lipsum.ltd.tex)) (/usr/local/texlive/2024/texmf-dist/tex/generic/soul/soul.sty
Package: soul 2023-06-14 v3.1 Permit use of UTF-8 characters in soul (HO)
 (/usr/local/texlive/2024/texmf-dist/tex/generic/soul/soul-ori.sty
Package: soul-ori 2023-06-14 v3.1 letterspacing/underlining (mf)
\SOUL@word=\toks72
\SOUL@lasttoken=\toks73
\SOUL@syllable=\toks74
\SOUL@cmds=\toks75
\SOUL@buffer=\toks76
\SOUL@token=\toks77
\SOUL@syllgoal=\dimen313
\SOUL@syllwidth=\dimen314
\SOUL@charkern=\dimen315
\SOUL@hyphkern=\dimen316
\SOUL@dimen=\dimen317
\SOUL@dimeni=\dimen318
\SOUL@minus=\count361
\SOUL@comma=\count362
\SOUL@apo=\count363
\SOUL@grave=\count364
\SOUL@spaceskip=\skip98
\SOUL@ttwidth=\dimen319
\SOUL@uldp=\dimen320
\SOUL@ulht=\dimen321
) (/usr/local/texlive/2024/texmf-dist/tex/generic/etexcmds/etexcmds.sty
Package: etexcmds 2019/12/15 v1.7 Avoid name clashes with e-TeX commands (HO)
)) (/usr/local/texlive/2024/texmf-dist/tex/latex/enumitem/enumitem.sty
Package: enumitem 2019/06/20 v3.9 Customized lists
\labelindent=\skip99
\enit@outerparindent=\dimen322
\enit@toks=\toks78
\enit@inbox=\box104
\enit@count@id=\count365
\enitdp@description=\count366
) (/usr/local/texlive/2024/texmf-dist/tex/latex/geometry/geometry.sty
Package: geometry 2020/01/02 v5.9 Page Geometry
 (/usr/local/texlive/2024/texmf-dist/tex/generic/iftex/ifvtex.sty
Package: ifvtex 2019/10/25 v1.7 ifvtex legacy package. Use iftex instead.
)
\Gm@cnth=\count367
\Gm@cntv=\count368
\c@Gm@tempcnt=\count369
\Gm@bindingoffset=\dimen323
\Gm@wd@mp=\dimen324
\Gm@odd@mp=\dimen325
\Gm@even@mp=\dimen326
\Gm@layoutwidth=\dimen327
\Gm@layoutheight=\dimen328
\Gm@layouthoffset=\dimen329
\Gm@layoutvoffset=\dimen330
\Gm@dimlist=\toks79
) (/usr/local/texlive/2024/texmf-dist/tex/latex/hyperref/hyperref.sty
Package: hyperref 2024-01-20 v7.01h Hypertext links for LaTeX
 (/usr/local/texlive/2024/texmf-dist/tex/latex/kvsetkeys/kvsetkeys.sty
Package: kvsetkeys 2022-10-05 v1.19 Key value parser (HO)
) (/usr/local/texlive/2024/texmf-dist/tex/generic/kvdefinekeys/kvdefinekeys.sty
Package: kvdefinekeys 2019-12-19 v1.6 Define keys (HO)
) (/usr/local/texlive/2024/texmf-dist/tex/generic/pdfescape/pdfescape.sty
Package: pdfescape 2019/12/09 v1.15 Implements pdfTeX's escape features (HO)
) (/usr/local/texlive/2024/texmf-dist/tex/latex/hycolor/hycolor.sty
Package: hycolor 2020-01-27 v1.10 Color options for hyperref/bookmark (HO)
) (/usr/local/texlive/2024/texmf-dist/tex/latex/hyperref/nameref.sty
Package: nameref 2023-11-26 v2.56 Cross-referencing by name of section
 (/usr/local/texlive/2024/texmf-dist/tex/latex/refcount/refcount.sty
Package: refcount 2019/12/15 v3.6 Data extraction from label references (HO)
) (/usr/local/texlive/2024/texmf-dist/tex/generic/gettitlestring/gettitlestring.sty
Package: gettitlestring 2019/12/15 v1.6 Cleanup title references (HO)
 (/usr/local/texlive/2024/texmf-dist/tex/latex/kvoptions/kvoptions.sty
Package: kvoptions 2022-06-15 v3.15 Key value format for package options (HO)
))
\c@section@level=\count370
)
\@linkdim=\dimen331
\Hy@linkcounter=\count371
\Hy@pagecounter=\count372
 (/usr/local/texlive/2024/texmf-dist/tex/latex/hyperref/pd1enc.def
File: pd1enc.def 2024-01-20 v7.01h Hyperref: PDFDocEncoding definition (HO)
Now handling font encoding PD1 ...
... no UTF-8 mapping file for font encoding PD1
) (/usr/local/texlive/2024/texmf-dist/tex/generic/intcalc/intcalc.sty
Package: intcalc 2019/12/15 v1.3 Expandable calculations with integers (HO)
)
\Hy@SavedSpaceFactor=\count373
 (/usr/local/texlive/2024/texmf-dist/tex/latex/hyperref/puenc.def
File: puenc.def 2024-01-20 v7.01h Hyperref: PDF Unicode definition (HO)
Now handling font encoding PU ...
... no UTF-8 mapping file for font encoding PU
)
Package hyperref Info: Hyper figures OFF on input line 4179.
Package hyperref Info: Link nesting OFF on input line 4184.
Package hyperref Info: Hyper index ON on input line 4187.
Package hyperref Info: Plain pages OFF on input line 4194.
Package hyperref Info: Backreferencing OFF on input line 4199.
Package hyperref Info: Implicit mode ON; LaTeX internals redefined.
Package hyperref Info: Bookmarks ON on input line 4446.
\c@Hy@tempcnt=\count374
 (/usr/local/texlive/2024/texmf-dist/tex/latex/url/url.sty
\Urlmuskip=\muskip17
Package: url 2013/09/16  ver 3.4  Verb mode for urls, etc.
)
LaTeX Info: Redefining \url on input line 4784.
\XeTeXLinkMargin=\dimen332
 (/usr/local/texlive/2024/texmf-dist/tex/generic/bitset/bitset.sty
Package: bitset 2019/12/09 v1.3 Handle bit-vector datatype (HO)
 (/usr/local/texlive/2024/texmf-dist/tex/generic/bigintcalc/bigintcalc.sty
Package: bigintcalc 2019/12/15 v1.5 Expandable calculations on big integers (HO)
))
\Fld@menulength=\count375
\Field@Width=\dimen333
\Fld@charsize=\dimen334
Package hyperref Info: Hyper figures OFF on input line 6063.
Package hyperref Info: Link nesting OFF on input line 6068.
Package hyperref Info: Hyper index ON on input line 6071.
Package hyperref Info: backreferencing OFF on input line 6078.
Package hyperref Info: Link coloring OFF on input line 6083.
Package hyperref Info: Link coloring with OCG OFF on input line 6088.
Package hyperref Info: PDF/A mode OFF on input line 6093.
 (/usr/local/texlive/2024/texmf-dist/tex/latex/base/atbegshi-ltx.sty
Package: atbegshi-ltx 2021/01/10 v1.0c Emulation of the original atbegshi
package with kernel methods
)
\Hy@abspage=\count376
\c@Item=\count377
\c@Hfootnote=\count378
)
Package hyperref Info: Driver (autodetected): hpdftex.
 (/usr/local/texlive/2024/texmf-dist/tex/latex/hyperref/hpdftex.def
File: hpdftex.def 2024-01-20 v7.01h Hyperref driver for pdfTeX
 (/usr/local/texlive/2024/texmf-dist/tex/latex/base/atveryend-ltx.sty
Package: atveryend-ltx 2020/08/19 v1.0a Emulation of the original atveryend package
with kernel methods
)
\Fld@listcount=\count379
\c@bookmark@seq@number=\count380
 (/usr/local/texlive/2024/texmf-dist/tex/latex/rerunfilecheck/rerunfilecheck.sty
Package: rerunfilecheck 2022-07-10 v1.10 Rerun checks for auxiliary files (HO)
 (/usr/local/texlive/2024/texmf-dist/tex/generic/uniquecounter/uniquecounter.sty
Package: uniquecounter 2019/12/15 v1.4 Provide unlimited unique counter (HO)
)
Package uniquecounter Info: New unique counter `rerunfilecheck' on input line 285.
)
\Hy@SectionHShift=\skip100
)
Package hyperref Info: Option `colorlinks' set `true' on input line 52.
 (/usr/local/texlive/2024/texmf-dist/tex/latex/listings/listings.sty
\lst@mode=\count381
\lst@gtempboxa=\box105
\lst@token=\toks80
\lst@length=\count382
\lst@currlwidth=\dimen335
\lst@column=\count383
\lst@pos=\count384
\lst@lostspace=\dimen336
\lst@width=\dimen337
\lst@newlines=\count385
\lst@lineno=\count386
\lst@maxwidth=\dimen338
 (/usr/local/texlive/2024/texmf-dist/tex/latex/listings/lstpatch.sty
File: lstpatch.sty 2024/02/21 1.10 (Carsten Heinz)
) (/usr/local/texlive/2024/texmf-dist/tex/latex/listings/lstmisc.sty
File: lstmisc.sty 2024/02/21 1.10 (Carsten Heinz)
\c@lstnumber=\count387
\lst@skipnumbers=\count388
\lst@framebox=\box106
) (/usr/local/texlive/2024/texmf-dist/tex/latex/listings/listings.cfg
File: listings.cfg 2024/02/21 1.10 listings configuration
))
Package: listings 2024/02/21 1.10 (Carsten Heinz)
 (/usr/local/texlive/2024/texmf-dist/tex/latex/caption/caption.sty
Package: caption 2023/08/05 v3.6o Customizing captions (AR)
 (/usr/local/texlive/2024/texmf-dist/tex/latex/caption/caption3.sty
Package: caption3 2023/07/31 v2.4d caption3 kernel (AR)
\caption@tempdima=\dimen339
\captionmargin=\dimen340
\caption@leftmargin=\dimen341
\caption@rightmargin=\dimen342
\caption@width=\dimen343
\caption@indent=\dimen344
\caption@parindent=\dimen345
\caption@hangindent=\dimen346
Package caption Info: Standard document class detected.
Package caption Info: french babel package is loaded.
)
\c@caption@flags=\count389
\c@continuedfloat=\count390
Package caption Info: float package is loaded.
Package caption Info: hyperref package is loaded.
Package caption Info: listings package is loaded.
Package caption Info: rotating package is loaded.
Package caption Info: subfigure package is loaded.
) (/usr/local/texlive/2024/texmf-dist/tex/latex/tools/longtable.sty
Package: longtable 2023-11-01 v4.19 Multi-page Table package (DPC)
\LTleft=\skip101
\LTright=\skip102
\LTpre=\skip103
\LTpost=\skip104
\LTchunksize=\count391
\LTcapwidth=\dimen347
\LT@head=\box107
\LT@firsthead=\box108
\LT@foot=\box109
\LT@lastfoot=\box110
\LT@gbox=\box111
\LT@cols=\count392
\LT@rows=\count393
\c@LT@tables=\count394
\c@LT@chunks=\count395
\LT@p@ftn=\toks81
) (/usr/local/texlive/2024/texmf-dist/tex/latex/booktabs/booktabs.sty
Package: booktabs 2020/01/12 v1.61803398 Publication quality tables
\heavyrulewidth=\dimen348
\lightrulewidth=\dimen349
\cmidrulewidth=\dimen350
\belowrulesep=\dimen351
\belowbottomsep=\dimen352
\aboverulesep=\dimen353
\abovetopsep=\dimen354
\cmidrulesep=\dimen355
\cmidrulekern=\dimen356
\defaultaddspace=\dimen357
\@cmidla=\count396
\@cmidlb=\count397
\@aboverulesep=\dimen358
\@belowrulesep=\dimen359
\@thisruleclass=\count398
\@lastruleclass=\count399
\@thisrulewidth=\dimen360
) (/usr/local/texlive/2024/texmf-dist/tex/latex/tools/afterpage.sty
Package: afterpage 2023/07/04 v1.08 After-Page Package (DPC)
\AP@output=\toks82
\AP@partial=\box112
\AP@footins=\box113
) (/usr/local/texlive/2024/texmf-dist/tex/latex/glossaries/base/glossaries.sty
Package: glossaries 2023/09/29 v4.53 (NLCT)
 (/usr/local/texlive/2024/texmf-dist/tex/latex/xkeyval/xkeyval.sty
Package: xkeyval 2022/06/16 v2.9 package option processing (HA)
 (/usr/local/texlive/2024/texmf-dist/tex/generic/xkeyval/xkeyval.tex (/usr/local/texlive/2024/texmf-dist/tex/generic/xkeyval/xkvutils.tex
\XKV@toks=\toks83
\XKV@tempa@toks=\toks84
)
\XKV@depth=\count400
File: xkeyval.tex 2014/12/03 v2.7a key=value parser (HA)
)) (/usr/local/texlive/2024/texmf-dist/tex/latex/mfirstuc/mfirstuc.sty
Package: mfirstuc 2022/10/14 v2.08 (NLCT)
\@glsmfirst=\toks85
\@glsmrest=\toks86
) (/usr/local/texlive/2024/texmf-dist/tex/latex/xfor/xfor.sty
Package: xfor 2009/02/05 v1.05 (NLCT)
) (/usr/local/texlive/2024/texmf-dist/tex/latex/datatool/datatool-base.sty
Package: datatool-base 2019/09/27 v2.32 (NLCT)
 (/usr/local/texlive/2024/texmf-dist/tex/latex/substr/substr.sty
Package: substr 2009/10/20 v1.2 Handle substrings
\c@su@anzahl=\count401
) (/usr/local/texlive/2024/texmf-dist/tex/latex/datatool/datatool-fp.sty
Package: datatool-fp 2019/09/27 v2.32 (NLCT)
 (/usr/local/texlive/2024/texmf-dist/tex/latex/fp/fp.sty
Package: fp 1995/04/02
 `Fixed Point Package', Version 0.8, April 2, 1995 (C) Michael Mehlich (/usr/local/texlive/2024/texmf-dist/tex/latex/fp/defpattern.sty
Package: defpattern 1994/10/12
\actioncount=\count402
) (/usr/local/texlive/2024/texmf-dist/tex/latex/fp/fp-basic.sty
Package: fp-basic 1996/05/13
\FP@xs=\count403
\FP@xia=\count404
\FP@xib=\count405
\FP@xfa=\count406
\FP@xfb=\count407
\FP@rega=\count408
\FP@regb=\count409
\FP@regs=\count410
\FP@times=\count411
) (/usr/local/texlive/2024/texmf-dist/tex/latex/fp/fp-addons.sty
Package: fp-addons 1995/03/15
) (/usr/local/texlive/2024/texmf-dist/tex/latex/fp/fp-snap.sty
Package: fp-snap 1995/04/05
) (/usr/local/texlive/2024/texmf-dist/tex/latex/fp/fp-exp.sty
Package: fp-exp 1995/04/03
) (/usr/local/texlive/2024/texmf-dist/tex/latex/fp/fp-trigo.sty
Package: fp-trigo 1995/04/14
) (/usr/local/texlive/2024/texmf-dist/tex/latex/fp/fp-pas.sty
Package: fp-pas 1994/08/29
) (/usr/local/texlive/2024/texmf-dist/tex/latex/fp/fp-random.sty
Package: fp-random 1995/02/23
\FPseed=\count412
) (/usr/local/texlive/2024/texmf-dist/tex/latex/fp/fp-eqn.sty
Package: fp-eqn 1995/04/03
) (/usr/local/texlive/2024/texmf-dist/tex/latex/fp/fp-upn.sty
Package: fp-upn 1996/10/21
) (/usr/local/texlive/2024/texmf-dist/tex/latex/fp/fp-eval.sty
Package: fp-eval 1995/04/03
)))
\@dtl@toks=\toks87
\@dtl@tmpcount=\count413
\dtl@tmplength=\skip105
\dtl@sortresult=\count414
\@dtl@numgrpsepcount=\count415
\@dtl@datatype=\count416
\dtl@codeA=\count417
\dtl@codeB=\count418
\@dtl@foreach@level=\count419
) (/usr/local/texlive/2024/texmf-dist/tex/latex/tracklang/tracklang.sty
Package: tracklang 2022/12/13 v1.6.1 (NLCT) Track Languages
 (/usr/local/texlive/2024/texmf-dist/tex/generic/tracklang/tracklang.tex)) (/usr/local/texlive/2024/texmf-dist/tex/latex/translator/translator.sty
Package: translator 2021-05-31 v1.12d Easy translation of strings in LaTeX
) (/usr/local/texlive/2024/texmf-dist/tex/latex/glossaries-french/glossaries-french.ldf
File: glossaries-french.ldf 2016/12/12 v1.1
)
\gls@level=\count420
\@gls@tmpb=\toks88
\gls@tmplen=\skip106
\glskeylisttok=\toks89
\glslabeltok=\toks90
\glsshorttok=\toks91
\glslongtok=\toks92
 (/usr/local/texlive/2024/texmf-dist/tex/latex/glossaries/styles/glossary-hypernav.sty
Package: glossary-hypernav 2023/09/29 v4.53 (NLCT)
) (/usr/local/texlive/2024/texmf-dist/tex/latex/glossaries/styles/glossary-list.sty
Package: glossary-list 2023/09/29 v4.53 (NLCT)
\glslistdottedwidth=\skip107
) (/usr/local/texlive/2024/texmf-dist/tex/latex/glossaries/styles/glossary-long.sty
Package: glossary-long 2023/09/29 v4.53 (NLCT)
\glsdescwidth=\skip108
\glspagelistwidth=\skip109
) (/usr/local/texlive/2024/texmf-dist/tex/latex/glossaries/styles/glossary-super.sty
Package: glossary-super 2023/09/29 v4.53 (NLCT)
 (/usr/local/texlive/2024/texmf-dist/tex/latex/supertabular/supertabular.sty
Package: supertabular 2020/02/02 v4.1g the supertabular environment
\c@tracingst=\count421
\ST@wd=\dimen361
\ST@rightskip=\skip110
\ST@leftskip=\skip111
\ST@parfillskip=\skip112
\ST@pageleft=\dimen362
\ST@headht=\dimen363
\ST@tailht=\dimen364
\ST@pagesofar=\dimen365
\ST@pboxht=\dimen366
\ST@lineht=\dimen367
\ST@prevht=\dimen368
\ST@toadd=\dimen369
\ST@dimen=\dimen370
\ST@pbox=\box114
)) (/usr/local/texlive/2024/texmf-dist/tex/latex/glossaries/styles/glossary-tree.sty
Package: glossary-tree 2023/09/29 v4.53 (NLCT)
\glstreeindent=\skip113
)) (/usr/local/texlive/2024/texmf-dist/tex/latex/lm/lmodern.sty
Package: lmodern 2015/05/01 v1.6.1 Latin Modern Fonts
LaTeX Font Info:    Overwriting symbol font `operators' in version `normal'
(Font)                  OT1/cmr/m/n --> OT1/lmr/m/n on input line 22.
LaTeX Font Info:    Overwriting symbol font `letters' in version `normal'
(Font)                  OML/cmm/m/it --> OML/lmm/m/it on input line 23.
LaTeX Font Info:    Overwriting symbol font `symbols' in version `normal'
(Font)                  OMS/cmsy/m/n --> OMS/lmsy/m/n on input line 24.
LaTeX Font Info:    Overwriting symbol font `largesymbols' in version `normal'
(Font)                  OMX/cmex/m/n --> OMX/lmex/m/n on input line 25.
LaTeX Font Info:    Overwriting symbol font `operators' in version `bold'
(Font)                  OT1/cmr/bx/n --> OT1/lmr/bx/n on input line 26.
LaTeX Font Info:    Overwriting symbol font `letters' in version `bold'
(Font)                  OML/cmm/b/it --> OML/lmm/b/it on input line 27.
LaTeX Font Info:    Overwriting symbol font `symbols' in version `bold'
(Font)                  OMS/cmsy/b/n --> OMS/lmsy/b/n on input line 28.
LaTeX Font Info:    Overwriting symbol font `largesymbols' in version `bold'
(Font)                  OMX/cmex/m/n --> OMX/lmex/m/n on input line 29.
LaTeX Font Info:    Overwriting math alphabet `\mathbf' in version `normal'
(Font)                  OT1/cmr/bx/n --> OT1/lmr/bx/n on input line 31.
LaTeX Font Info:    Overwriting math alphabet `\mathsf' in version `normal'
(Font)                  OT1/cmss/m/n --> OT1/lmss/m/n on input line 32.
LaTeX Font Info:    Overwriting math alphabet `\mathit' in version `normal'
(Font)                  OT1/cmr/m/it --> OT1/lmr/m/it on input line 33.
LaTeX Font Info:    Overwriting math alphabet `\mathtt' in version `normal'
(Font)                  OT1/cmtt/m/n --> OT1/lmtt/m/n on input line 34.
LaTeX Font Info:    Overwriting math alphabet `\mathbf' in version `bold'
(Font)                  OT1/cmr/bx/n --> OT1/lmr/bx/n on input line 35.
LaTeX Font Info:    Overwriting math alphabet `\mathsf' in version `bold'
(Font)                  OT1/cmss/bx/n --> OT1/lmss/bx/n on input line 36.
LaTeX Font Info:    Overwriting math alphabet `\mathit' in version `bold'
(Font)                  OT1/cmr/bx/it --> OT1/lmr/bx/it on input line 37.
LaTeX Font Info:    Overwriting math alphabet `\mathtt' in version `bold'
(Font)                  OT1/cmtt/m/n --> OT1/lmtt/m/n on input line 38.
))
Package hyperref Info: Option `colorlinks' set `true' on input line 36.
LaTeX Font Info:    Trying to load font information for T1+lmr on input line 40.
 (/usr/local/texlive/2024/texmf-dist/tex/latex/lm/t1lmr.fd
File: t1lmr.fd 2015/05/01 v1.6.1 Font defs for Latin Modern
) (./main.aux (./Frontmatter/Page_de_Garde_EN.aux))
\openout1 = `main.aux'.

LaTeX Font Info:    Checking defaults for OML/cmm/m/it on input line 40.
LaTeX Font Info:    ... okay on input line 40.
LaTeX Font Info:    Checking defaults for OMS/cmsy/m/n on input line 40.
LaTeX Font Info:    ... okay on input line 40.
LaTeX Font Info:    Checking defaults for OT1/cmr/m/n on input line 40.
LaTeX Font Info:    ... okay on input line 40.
LaTeX Font Info:    Checking defaults for T1/cmr/m/n on input line 40.
LaTeX Font Info:    ... okay on input line 40.
LaTeX Font Info:    Checking defaults for TS1/cmr/m/n on input line 40.
LaTeX Font Info:    ... okay on input line 40.
LaTeX Font Info:    Checking defaults for OMX/cmex/m/n on input line 40.
LaTeX Font Info:    ... okay on input line 40.
LaTeX Font Info:    Checking defaults for U/cmr/m/n on input line 40.
LaTeX Font Info:    ... okay on input line 40.
LaTeX Font Info:    Checking defaults for PD1/pdf/m/n on input line 40.
LaTeX Font Info:    ... okay on input line 40.
LaTeX Font Info:    Checking defaults for PU/pdf/m/n on input line 40.
LaTeX Font Info:    ... okay on input line 40.
LaTeX Info: Redefining \degres on input line 40.
Package french.ldf Info: Setting StandardItemizeEnv=true for
(french.ldf)             compatibility with enumitem package,
(french.ldf)             reported on input line 40.
Package french.ldf Info: Setting StandardEnumerateEnv=true for
(french.ldf)             compatibility with enumitem package,
(french.ldf)             reported on input line 40.
LaTeX Info: Redefining \up on input line 40.
 (/usr/local/texlive/2024/texmf-dist/tex/context/base/mkii/supp-pdf.mkii
[Loading MPS to PDF converter (version 2006.09.02).]
\scratchcounter=\count422
\scratchdimen=\dimen371
\scratchbox=\box115
\nofMPsegments=\count423
\nofMParguments=\count424
\everyMPshowfont=\toks93
\MPscratchCnt=\count425
\MPscratchDim=\dimen372
\MPnumerator=\count426
\makeMPintoPDFobject=\count427
\everyMPtoPDFconversion=\toks94
) (/usr/local/texlive/2024/texmf-dist/tex/latex/epstopdf-pkg/epstopdf-base.sty
Package: epstopdf-base 2020-01-24 v2.11 Base part for package epstopdf
Package epstopdf-base Info: Redefining graphics rule for `.eps' on input line 485.
 (/usr/local/texlive/2024/texmf-dist/tex/latex/latexconfig/epstopdf-sys.cfg
File: epstopdf-sys.cfg 2010/07/13 v1.3 Configuration of (r)epstopdf for TeX Live
))
*geometry* driver: auto-detecting
*geometry* detected driver: pdftex
*geometry* verbose mode - [ preamble ] result:
* driver: pdftex
* paper: letterpaper
* layout: <same size as paper>
* layoutoffset:(h,v)=(0.0pt,0.0pt)
* modes: 
* h-part:(L,W,R)=(42.67912pt, 528.93675pt, 42.67912pt)
* v-part:(T,H,B)=(42.67912pt, 709.61174pt, 42.67912pt)
* \paperwidth=614.295pt
* \paperheight=794.96999pt
* \textwidth=528.93675pt
* \textheight=709.61174pt
* \oddsidemargin=-29.59087pt
* \evensidemargin=-29.59087pt
* \topmargin=-79.46466pt
* \headheight=30.0pt
* \headsep=19.8738pt
* \topskip=12.0pt
* \footskip=30.0pt
* \marginparwidth=38.0pt
* \marginparsep=7.0pt
* \columnsep=10.0pt
* \skip\footins=10.8pt plus 4.0pt minus 2.0pt
* \hoffset=0.0pt
* \voffset=0.0pt
* \mag=1000
* \@twocolumnfalse
* \@twosidefalse
* \@mparswitchfalse
* \@reversemarginfalse
* (1in=72.27pt=25.4mm, 1cm=28.453pt)

Package hyperref Info: Link coloring ON on input line 40.
(./main.out) (./main.out)
\@outlinefile=\write6
\openout6 = `main.out'.

\c@lstlisting=\count428
Package caption Info: Begin \AtBeginDocument code.
Package caption Info: longtable package is loaded.
 (/usr/local/texlive/2024/texmf-dist/tex/latex/caption/ltcaption.sty
Package: ltcaption 2021/01/08 v1.4c longtable captions (AR)
)
Package caption Info: supertabular package is loaded.
Package caption Info: End \AtBeginDocument code.
 (/usr/local/texlive/2024/texmf-dist/tex/latex/arabtex/apatch.sty
\a@lines=\count429
\a@Lwidth=\dimen373
\a@displaywidth=\dimen374
 (/usr/local/texlive/2024/texmf-dist/tex/latex/arabtex/alocal.sty (ArabTeX) 3.11 local stub, 26.02.2006) (ArabTeX) version 3.11s (02.07.2006): second phase of patching)
\openout2 = `Frontmatter/Page_de_Garde_EN.aux'.

 (./Frontmatter/Page_de_Garde_EN.tex
<Logos/Logo_INPT.png, id=262, 1203.49625pt x 592.2125pt>
File: Logos/Logo_INPT.png Graphic file (type png)
<use Logos/Logo_INPT.png>
Package pdftex.def Info: Logos/Logo_INPT.png  used on input line 3.
(pdftex.def)             Requested size: 96.28166pt x 47.37796pt.
<Logos/SQLI_LOGO.png, id=264, 163.0893pt x 66.4884pt>
File: Logos/SQLI_LOGO.png Graphic file (type png)
<use Logos/SQLI_LOGO.png>
Package pdftex.def Info: Logos/SQLI_LOGO.png  used on input line 5.
(pdftex.def)             Requested size: 97.85432pt x 39.89334pt.

Overfull \hbox (1.02649pt too wide) in paragraph at lines 3--6
[][]   [] 
 []


LaTeX Font Warning: Font shape `T1/lmr/bx/sc' undefined
(Font)              using `T1/lmr/bx/n' instead on input line 9.


LaTeX Font Warning: Font shape `T1/lmr/m/scit' undefined
(Font)              using `T1/lmr/m/scsl' instead on input line 12.


LaTeX Font Warning: Font shape `T1/lmr/bx/scsl' undefined
(Font)              using `T1/lmr/bx/n' instead on input line 12.

LaTeX Font Info:    Trying to load font information for OT1+lmr on input line 33.
(/usr/local/texlive/2024/texmf-dist/tex/latex/lm/ot1lmr.fd
File: ot1lmr.fd 2015/05/01 v1.6.1 Font defs for Latin Modern
)
LaTeX Font Info:    Trying to load font information for OML+lmm on input line 33.
 (/usr/local/texlive/2024/texmf-dist/tex/latex/lm/omllmm.fd
File: omllmm.fd 2015/05/01 v1.6.1 Font defs for Latin Modern
)
LaTeX Font Info:    Trying to load font information for OMS+lmsy on input line 33.
 (/usr/local/texlive/2024/texmf-dist/tex/latex/lm/omslmsy.fd
File: omslmsy.fd 2015/05/01 v1.6.1 Font defs for Latin Modern
)
LaTeX Font Info:    Trying to load font information for OMX+lmex on input line 33.
 (/usr/local/texlive/2024/texmf-dist/tex/latex/lm/omxlmex.fd
File: omxlmex.fd 2015/05/01 v1.6.1 Font defs for Latin Modern
)
LaTeX Font Info:    External font `lmex10' loaded for size
(Font)              <12> on input line 33.
LaTeX Font Info:    External font `lmex10' loaded for size
(Font)              <8> on input line 33.
LaTeX Font Info:    External font `lmex10' loaded for size
(Font)              <6> on input line 33.
LaTeX Font Info:    Trying to load font information for U+msa on input line 33.
 (/usr/local/texlive/2024/texmf-dist/tex/latex/amsfonts/umsa.fd
File: umsa.fd 2013/01/14 v3.01 AMS symbols A
)
LaTeX Font Info:    Trying to load font information for U+msb on input line 33.
 (/usr/local/texlive/2024/texmf-dist/tex/latex/amsfonts/umsb.fd
File: umsb.fd 2013/01/14 v3.01 AMS symbols B
)
<Logos/ZLAFA.png, id=265, 548.80031pt x 210.03468pt>
File: Logos/ZLAFA.png Graphic file (type png)
<use Logos/ZLAFA.png>
Package pdftex.def Info: Logos/ZLAFA.png  used on input line 51.
(pdftex.def)             Requested size: 356.71596pt x 136.52092pt.
) [1


{/usr/local/texlive/2024/texmf-var/fonts/map/pdftex/updmap/pdftex.map}{/usr/local/texlive/2024/texmf-dist/fonts/enc/dvips/lm/lm-ec.enc} <./Logos/Logo_INPT.png> <./Logos/SQLI_LOGO.png> <./Logos/ZLAFA.png>]
pdfTeX warning (ext4): destination with the same identifier (name{page.1}) has been already used, duplicate ignored
<to be read again> 
                   \relax 
l.76 \frontmatter
                  [1



] (./Frontmatter/Dedication.tex
<Figures/dedicace.png, id=282, 597.60106pt x 602.25pt>
File: Figures/dedicace.png Graphic file (type png)
<use Figures/dedicace.png>
Package pdftex.def Info: Figures/dedicace.png  used on input line 51.
(pdftex.def)             Requested size: 540.60236pt x 544.84119pt.

Overfull \hbox (11.6656pt too wide) in paragraph at lines 51--52
 [][] 
 []

) (./Frontmatter/Remerciements.tex [1

 <./Figures/dedicace.png>]) (./Frontmatter/Rsum.tex
<Figures/abstract.png, id=289, 598.05455pt x 845.85674pt>
File: Figures/abstract.png Graphic file (type png)
<use Figures/abstract.png>
Package pdftex.def Info: Figures/abstract.png  used on input line 7.
(pdftex.def)             Requested size: 540.60236pt x 764.65851pt.

Overfull \hbox (11.6656pt too wide) in paragraph at lines 7--8
 [][] 
 []

[2

]
Overfull \vbox (55.04677pt too high) has occurred while \output is active []

 [3 <./Figures/abstract.png>])
Underfull \hbox (badness 10000) in paragraph at lines 39--86

 []

(./Frontmatter/Abstract.tex [4

])
Underfull \hbox (badness 10000) in paragraph at lines 27--91

 []

(./Endmatter/Acronyms.tex [5

]) [6

] (./main.lof [7

] [8])
\tf@lof=\write7
\openout7 = `main.lof'.

 [9] (./main.lot)
\tf@lot=\write8
\openout8 = `main.lot'.

 [10

] (./main.toc [11

] [12])
\tf@toc=\write9
\openout9 = `main.toc'.

 [13] (./Frontmatter/IntroductionGenerale.tex
Underfull \hbox (badness 10000) in paragraph at lines 5--6

 []


Underfull \hbox (badness 10000) in paragraph at lines 7--8

 []


Underfull \hbox (badness 10000) in paragraph at lines 9--10

 []

) (./Chapitres/Chapitre1.tex
pdfTeX warning (ext4): destination with the same identifier (name{page.1}) has been already used, duplicate ignored
<to be read again> 
                   \relax 
l.1 \chapter
            {Contexte gnral du projet} [1


]
Chapitre 1.
[2

]
File: Logos/SQLI_LOGO.png Graphic file (type png)
<use Logos/SQLI_LOGO.png>
Package pdftex.def Info: Logos/SQLI_LOGO.png  used on input line 20.
(pdftex.def)             Requested size: 114.16171pt x 46.54155pt.
 [3]
<Figures/cle chiffre.png, id=560, 770.88pt x 578.16pt>
File: Figures/cle chiffre.png Graphic file (type png)
<use Figures/cle chiffre.png>
Package pdftex.def Info: Figures/cle chiffre.png  used on input line 48.
(pdftex.def)             Requested size: 284.52756pt x 213.39536pt.
<Figures/sqli partenaire .png, id=562, 1229.59375pt x 465.74pt>
File: Figures/sqli partenaire .png Graphic file (type png)
<use Figures/sqli partenaire .png>
Package pdftex.def Info: Figures/sqli partenaire .png  used on input line 58.
(pdftex.def)             Requested size: 426.79134pt x 161.66118pt.
 [4{/usr/local/texlive/2024/texmf-dist/fonts/enc/dvips/lm/lm-mathsy.enc} <./Figures/cle chiffre.png>]
Underfull \hbox (badness 1231) in paragraph at lines 95--95
[]|\T1/lmr/m/n/12 Conseil en sys-tmes et lo-gi-ciels in-for-ma-
 []

[5 <./Figures/sqli partenaire .png>]
<Figures/departement.png, id=581, 770.88pt x 578.16pt>
File: Figures/departement.png Graphic file (type png)
<use Figures/departement.png>
Package pdftex.def Info: Figures/departement.png  used on input line 117.
(pdftex.def)             Requested size: 398.33858pt x 298.7482pt.
 [6 <./Figures/departement.png>] [7]
<Figures/Seasonal Event Team.png, id=593, 1445.4pt x 813.0375pt>
File: Figures/Seasonal Event Team.png Graphic file (type png)
<use Figures/Seasonal Event Team.png>
Package pdftex.def Info: Figures/Seasonal Event Team.png  used on input line 174.
(pdftex.def)             Requested size: 540.60236pt x 304.08192pt.


Package caption Warning: The option `hypcap=true' will be ignored for this
(caption)                particular \caption on input line 175.
See the caption package documentation for explanation.


Overfull \hbox (11.6656pt too wide) in paragraph at lines 174--175
 [] 
 []

[8]
<Figures/Cart Checkout & Payment.png, id=598, 1445.4pt x 813.0375pt>
File: Figures/Cart Checkout & Payment.png Graphic file (type png)
<use Figures/Cart Checkout & Payment.png>
Package pdftex.def Info: Figures/Cart Checkout & Payment.png  used on input line 181.
(pdftex.def)             Requested size: 540.60236pt x 304.08192pt.


Package caption Warning: The option `hypcap=true' will be ignored for this
(caption)                particular \caption on input line 182.
See the caption package documentation for explanation.


Overfull \hbox (11.6656pt too wide) in paragraph at lines 181--182
 [] 
 []

[9 <./Figures/Seasonal Event Team.png> <./Figures/Cart Checkout & Payment.png>]
<Logos/Skype-Logo.png, id=605, 4984.13792pt x 2818.53pt>
File: Logos/Skype-Logo.png Graphic file (type png)
<use Logos/Skype-Logo.png>
Package pdftex.def Info: Logos/Skype-Logo.png  used on input line 197.
(pdftex.def)             Requested size: 99.7038pt x 56.38249pt.
<Logos/git.png, id=606, 272.51813pt x 137.01187pt>
File: Logos/git.png Graphic file (type png)
<use Logos/git.png>
Package pdftex.def Info: Logos/git.png  used on input line 211.
(pdftex.def)             Requested size: 136.25873pt x 68.50577pt.
 [10 <./Logos/Skype-Logo.png>]
<Logos/gitlab.jpg, id=614, 903.375pt x 903.375pt>
File: Logos/gitlab.jpg Graphic file (type jpg)
<use Logos/gitlab.jpg>
Package pdftex.def Info: Logos/gitlab.jpg  used on input line 224.
(pdftex.def)             Requested size: 90.34279pt x 90.34279pt.
 [11 <./Logos/git.png> <./Logos/gitlab.jpg>]) (./Chapitres/Chapitre2.tex [12]
Chapitre 2.
[13

] [14] [15]
<Figures/apprenant.PNG, id=642, 402.50375pt x 236.38312pt>
File: Figures/apprenant.PNG Graphic file (type png)
<use Figures/apprenant.PNG>
Package pdftex.def Info: Figures/apprenant.PNG  used on input line 109.
(pdftex.def)             Requested size: 426.79134pt x 250.64786pt.
 [16]
<Figures/administrateur.PNG, id=649, 388.95313pt x 296.60812pt>
File: Figures/administrateur.PNG Graphic file (type png)
<use Figures/administrateur.PNG>
Package pdftex.def Info: Figures/administrateur.PNG  used on input line 115.
(pdftex.def)             Requested size: 369.88582pt x 282.07481pt.

Overfull \hbox (17.62482pt too wide) in paragraph at lines 121--155
[]$[]$ 
 []

[17 <./Figures/apprenant.PNG> <./Figures/administrateur.PNG>] [18]
Underfull \hbox (badness 1005) in paragraph at lines 172--173
[]\T1/lmr/m/n/12 Remplir les in-for-ma-tions n-ces-saires
 []


Underfull \hbox (badness 1005) in paragraph at lines 181--182
[]\T1/lmr/m/n/12 Remplir les in-for-ma-tions n-ces-saires
 []


Underfull \hbox (badness 2875) in paragraph at lines 185--186
[]\T1/lmr/m/n/12 Un mes-sage d'er-reur sp-ci-fiant les
 []


Overfull \hbox (17.62482pt too wide) in paragraph at lines 158--192
[]$[]$ 
 []

[19]
Underfull \hbox (badness 1005) in paragraph at lines 210--211
[]\T1/lmr/m/n/12 Remplir les in-for-ma-tions n-ces-saires
 []


Underfull \hbox (badness 1005) in paragraph at lines 219--220
[]\T1/lmr/m/n/12 Remplir les in-for-ma-tions n-ces-saires
 []


Overfull \hbox (17.62482pt too wide) in paragraph at lines 195--229
[]$[]$ 
 []

[20]
Underfull \hbox (badness 1005) in paragraph at lines 246--247
[]\T1/lmr/m/n/12 Remplir les in-for-ma-tions n-ces-saires
 []


Underfull \hbox (badness 1005) in paragraph at lines 253--254
[]\T1/lmr/m/n/12 Remplir les in-for-ma-tions n-ces-saires
 []


Overfull \hbox (17.62482pt too wide) in paragraph at lines 232--262
[]$[]$ 
 []

<Figures/diagrammeDeSequenceAuthentification.png, id=711, 306.64563pt x 263.98625pt>
File: Figures/diagrammeDeSequenceAuthentification.png Graphic file (type png)
<use Figures/diagrammeDeSequenceAuthentification.png>
Package pdftex.def Info: Figures/diagrammeDeSequenceAuthentification.png  used on input line 277.
(pdftex.def)             Requested size: 540.60236pt x 465.42284pt.

Overfull \hbox (11.6656pt too wide) in paragraph at lines 277--278
 [][] 
 []

[21]
<Figures/diagrammeDeSequenceCreerCourse.PNG, id=727, 244.41313pt x 379.4175pt>
File: Figures/diagrammeDeSequenceCreerCourse.PNG Graphic file (type png)
<use Figures/diagrammeDeSequenceCreerCourse.PNG>
Package pdftex.def Info: Figures/diagrammeDeSequenceCreerCourse.PNG  used on input line 287.
(pdftex.def)             Requested size: 426.79134pt x 662.549pt.
 [22 <./Figures/diagrammeDeSequenceAuthentification.png>] [23 <./Figures/diagrammeDeSequenceCreerCourse.PNG>]
<Figures/diagrammeDeSequenceAddAuthor.PNG, id=739, 421.575pt x 445.665pt>
File: Figures/diagrammeDeSequenceAddAuthor.PNG Graphic file (type png)
<use Figures/diagrammeDeSequenceAddAuthor.PNG>
Package pdftex.def Info: Figures/diagrammeDeSequenceAddAuthor.PNG  used on input line 297.
(pdftex.def)             Requested size: 483.69684pt x 511.34792pt.
 [24 <./Figures/diagrammeDeSequenceAddAuthor.PNG>] [25]) (./Chapitres/Chapitre3.tex [26]
Chapitre 3.
[27

]
<Logos/Figma.png, id=758, 1673.25125pt x 2509.375pt>
File: Logos/Figma.png Graphic file (type png)
<use Logos/Figma.png>
Package pdftex.def Info: Logos/Figma.png  used on input line 21.
(pdftex.def)             Requested size: 83.66745pt x 125.47609pt.
<Figures/login.PNG, id=759, 625.83812pt x 388.95313pt>
File: Figures/login.PNG Graphic file (type png)
<use Figures/login.PNG>
Package pdftex.def Info: Figures/login.PNG  used on input line 42.
(pdftex.def)             Requested size: 238.01991pt x 147.92834pt.
<Figures/home.PNG, id=760, 963.6pt x 485.815pt>
File: Figures/home.PNG Graphic file (type png)
<use Figures/home.PNG>
Package pdftex.def Info: Figures/home.PNG  used on input line 48.
(pdftex.def)             Requested size: 238.01991pt x 120.0005pt.
 [28 <./Logos/Figma.png>]
<Figures/explorer.PNG, id=767, 288.57813pt x 304.63812pt>
File: Figures/explorer.PNG Graphic file (type png)
<use Figures/explorer.PNG>
Package pdftex.def Info: Figures/explorer.PNG  used on input line 57.
(pdftex.def)             Requested size: 238.01991pt x 251.2784pt.
<Figures/watchVideo.PNG, id=768, 519.44063pt x 390.45876pt>
File: Figures/watchVideo.PNG Graphic file (type png)
<use Figures/watchVideo.PNG>
Package pdftex.def Info: Figures/watchVideo.PNG  used on input line 64.
(pdftex.def)             Requested size: 238.01991pt x 178.91612pt.
<Figures/overview.PNG, id=769, 201.25188pt x 333.245pt>
File: Figures/overview.PNG Graphic file (type png)
<use Figures/overview.PNG>
Package pdftex.def Info: Figures/overview.PNG  used on input line 75.
(pdftex.def)             Requested size: 238.01991pt x 394.1257pt.
<Figures/Chapter.PNG, id=770, 201.75375pt x 334.75063pt>
File: Figures/Chapter.PNG Graphic file (type png)
<use Figures/Chapter.PNG>
Package pdftex.def Info: Figures/Chapter.PNG  used on input line 81.
(pdftex.def)             Requested size: 238.01991pt x 394.92569pt.
 [29 <./Figures/login.PNG> <./Figures/home.PNG> <./Figures/explorer.PNG> <./Figures/watchVideo.PNG>]
<Figures/AuthorDetails.PNG, id=780, 253.94875pt x 316.68312pt>
File: Figures/AuthorDetails.PNG Graphic file (type png)
<use Figures/AuthorDetails.PNG>
Package pdftex.def Info: Figures/AuthorDetails.PNG  used on input line 91.
(pdftex.def)             Requested size: 238.01991pt x 296.8317pt.
<Figures/comment.PNG, id=781, 206.27063pt x 334.24875pt>
File: Figures/comment.PNG Graphic file (type png)
<use Figures/comment.PNG>
Package pdftex.def Info: Figures/comment.PNG  used on input line 97.
(pdftex.def)             Requested size: 238.01991pt x 385.70403pt.
 [30 <./Figures/overview.PNG> <./Figures/Chapter.PNG>]
<Figures/figmaDashoboard.PNG, id=788, 503.38063pt x 338.76563pt>
File: Figures/figmaDashoboard.PNG Graphic file (type png)
<use Figures/figmaDashoboard.PNG>
Package pdftex.def Info: Figures/figmaDashoboard.PNG  used on input line 109.
(pdftex.def)             Requested size: 238.01991pt x 160.18132pt.
<Figures/addCourseDashboard.png, id=789, 504.38437pt x 341.275pt>
File: Figures/addCourseDashboard.png Graphic file (type png)
<use Figures/addCourseDashboard.png>
Package pdftex.def Info: Figures/addCourseDashboard.png  used on input line 115.
(pdftex.def)             Requested size: 238.01991pt x 161.05019pt.
 [31 <./Figures/AuthorDetails.PNG> <./Figures/comment.PNG> <./Figures/figmaDashoboard.PNG> <./Figures/addCourseDashboard.png>]
<Figures/architecturePhysique.png, id=799, 241.8636pt x 142.3719pt>
File: Figures/architecturePhysique.png Graphic file (type png)
<use Figures/architecturePhysique.png>
Package pdftex.def Info: Figures/architecturePhysique.png  used on input line 135.
(pdftex.def)             Requested size: 426.79134pt x 251.24657pt.
 [32 <./Figures/architecturePhysique.png>]
<Figures/architectureLogique.png, id=805, 527.0892pt x 752.8125pt>
File: Figures/architectureLogique.png Graphic file (type png)
<use Figures/architectureLogique.png>
Package pdftex.def Info: Figures/architectureLogique.png  used on input line 160.
(pdftex.def)             Requested size: 256.0748pt x 365.7454pt.
 [33 <./Figures/architectureLogique.png>]
<Figures/orda.png, id=811, 768.8725pt x 568.1225pt>
File: Figures/orda.png Graphic file (type png)
<use Figures/orda.png>
Package pdftex.def Info: Figures/orda.png  used on input line 182.
(pdftex.def)             Requested size: 426.79134pt x 315.36372pt.
 [34 <./Figures/orda.png>]
<Figures/diagramme de classe.PNG, id=818, 684.05562pt x 375.90437pt>
File: Figures/diagramme de classe.PNG Graphic file (type png)
<use Figures/diagramme de classe.PNG>
Package pdftex.def Info: Figures/diagramme de classe.PNG  used on input line 198.
(pdftex.def)             Requested size: 540.60236pt x 297.09311pt.

Overfull \hbox (11.6656pt too wide) in paragraph at lines 198--199
 [][] 
 []

<Figures/authdetaille.png, id=819, 612.03656pt x 573.19144pt>
File: Figures/authdetaille.png Graphic file (type png)
<use Figures/authdetaille.png>
Package pdftex.def Info: Figures/authdetaille.png  used on input line 210.
(pdftex.def)             Requested size: 540.60236pt x 506.3167pt.

Overfull \hbox (11.6656pt too wide) in paragraph at lines 210--211
 [][] 
 []

[35 <./Figures/diagramme de classe.PNG>]
<Figures/addcourseSequence.png, id=825, 912.86044pt x 673.01437pt>
File: Figures/addcourseSequence.png Graphic file (type png)
<use Figures/addcourseSequence.png>
Package pdftex.def Info: Figures/addcourseSequence.png  used on input line 220.
(pdftex.def)             Requested size: 540.60236pt x 398.57436pt.

Overfull \hbox (11.6656pt too wide) in paragraph at lines 220--221
 [][] 
 []

[36 <./Figures/authdetaille.png>]
<Figures/addAuthorSequence.png, id=831, 603.0028pt x 472.91681pt>
File: Figures/addAuthorSequence.png Graphic file (type png)
<use Figures/addAuthorSequence.png>
Package pdftex.def Info: Figures/addAuthorSequence.png  used on input line 229.
(pdftex.def)             Requested size: 540.60236pt x 423.97592pt.

Overfull \hbox (11.6656pt too wide) in paragraph at lines 229--230
 [][] 
 []

[37 <./Figures/addcourseSequence.png>] [38 <./Figures/addAuthorSequence.png>]) (./Chapitres/Chapitre4.tex [39]
Chapitre 4.
[40

]
<Logos/UML_logo.png, id=851, 1204.5pt x 876.27374pt>
File: Logos/UML_logo.png Graphic file (type png)
<use Logos/UML_logo.png>
Package pdftex.def Info: Logos/UML_logo.png  used on input line 14.
(pdftex.def)             Requested size: 180.6672pt x 131.43538pt.
<Logos/html.png, id=853, 225.84375pt x 225.84375pt>
File: Logos/html.png Graphic file (type png)
<use Logos/html.png>
Package pdftex.def Info: Logos/html.png  used on input line 29.
(pdftex.def)             Requested size: 67.75363pt x 67.75363pt.
<Logos/css.png, id=854, 189.70876pt x 268.00125pt>
File: Logos/css.png Graphic file (type png)
<use Logos/css.png>
Package pdftex.def Info: Logos/css.png  used on input line 43.
(pdftex.def)             Requested size: 56.91306pt x 80.40099pt.
 [41 <./Logos/UML_logo.png> <./Logos/html.png>]
<Logos/Typescript.png, id=863, 1204.5pt x 1204.5pt>
File: Logos/Typescript.png Graphic file (type png)
<use Logos/Typescript.png>
Package pdftex.def Info: Logos/Typescript.png  used on input line 53.
(pdftex.def)             Requested size: 60.22852pt x 60.22852pt.
 [42 <./Logos/css.png> <./Logos/Typescript.png>]
<Logos/react.png, id=874, 513.92pt x 513.92pt>
File: Logos/react.png Graphic file (type png)
<use Logos/react.png>
Package pdftex.def Info: Logos/react.png  used on input line 86.
(pdftex.def)             Requested size: 102.78217pt x 102.78217pt.
<Logos/tailwind.png, id=875, 216.05719pt x 131.74219pt>
File: Logos/tailwind.png Graphic file (type png)
<use Logos/tailwind.png>
Package pdftex.def Info: Logos/tailwind.png  used on input line 99.
(pdftex.def)             Requested size: 108.02832pt x 65.87093pt.
 [43 <./Logos/react.png> <./Logos/tailwind.png>]
<Logos/VS.jpg, id=886, 225.84375pt x 225.84375pt>
File: Logos/VS.jpg Graphic file (type jpg)
<use Logos/VS.jpg>
Package pdftex.def Info: Logos/VS.jpg  used on input line 120.
(pdftex.def)             Requested size: 56.46078pt x 56.46078pt.
 [44 <./Logos/VS.jpg>]
<Logos/postman.png, id=895, 194.97844pt x 165.61874pt>
File: Logos/postman.png Graphic file (type png)
<use Logos/postman.png>
Package pdftex.def Info: Logos/postman.png  used on input line 160.
(pdftex.def)             Requested size: 97.48897pt x 82.80916pt.
File: Logos/gitlab.jpg Graphic file (type jpg)
<use Logos/gitlab.jpg>
Package pdftex.def Info: Logos/gitlab.jpg  used on input line 170.
(pdftex.def)             Requested size: 90.34279pt x 90.34279pt.
File: Logos/git.png Graphic file (type png)
<use Logos/git.png>
Package pdftex.def Info: Logos/git.png  used on input line 184.
(pdftex.def)             Requested size: 136.25873pt x 68.50577pt.
 [45 <./Logos/postman.png>]
<Logos/starUml.png, id=905, 230.8625pt x 219.82124pt>
File: Logos/starUml.png Graphic file (type png)
<use Logos/starUml.png>
Package pdftex.def Info: Logos/starUml.png  used on input line 196.
(pdftex.def)             Requested size: 92.34335pt x 87.92693pt.
 [46 <./Logos/starUml.png>]
<Figures/database.PNG, id=914, 672.5125pt x 322.20375pt>
File: Figures/database.PNG Graphic file (type png)
<use Figures/database.PNG>
Package pdftex.def Info: Figures/database.PNG  used on input line 221.
(pdftex.def)             Requested size: 540.60236pt x 259.0072pt.

Overfull \hbox (11.6656pt too wide) in paragraph at lines 221--222
 [][] 
 []

[47 <./Figures/database.PNG>]
<Figures/exemple.PNG, id=920, 776.9025pt x 269.005pt>
File: Figures/exemple.PNG Graphic file (type png)
<use Figures/exemple.PNG>
Package pdftex.def Info: Figures/exemple.PNG  used on input line 238.
(pdftex.def)             Requested size: 540.60236pt x 187.18983pt.

Overfull \hbox (11.6656pt too wide) in paragraph at lines 238--239
 [][] 
 []

<Figures/alias.PNG, id=921, 288.07625pt x 53.70062pt>
File: Figures/alias.PNG Graphic file (type png)
<use Figures/alias.PNG>
Package pdftex.def Info: Figures/alias.PNG  used on input line 246.
(pdftex.def)             Requested size: 284.52756pt x 53.04086pt.
LaTeX Font Info:    Trying to load font information for T1+lmtt on input line 255.
(/usr/local/texlive/2024/texmf-dist/tex/latex/lm/t1lmtt.fd
File: t1lmtt.fd 2015/05/01 v1.6.1 Font defs for Latin Modern
) [48 <./Figures/exemple.PNG> <./Figures/alias.PNG>]
<Figures/session.png, id=930, 483.30562pt x 332.74312pt>
File: Figures/session.png Graphic file (type png)
<use Figures/session.png>
Package pdftex.def Info: Figures/session.png  used on input line 274.
(pdftex.def)             Requested size: 540.60236pt x 372.22801pt.

Overfull \hbox (11.6656pt too wide) in paragraph at lines 274--275
 [][] 
 []

[49 <./Figures/session.png>]
<Figures/privilege.png, id=936, 845.26315pt x 494.47894pt>
File: Figures/privilege.png Graphic file (type png)
<use Figures/privilege.png>
Package pdftex.def Info: Figures/privilege.png  used on input line 291.
(pdftex.def)             Requested size: 540.60236pt x 316.25417pt.

Overfull \hbox (11.6656pt too wide) in paragraph at lines 291--292
 [][] 
 []

<Figures/authntification.png, id=937, 917.67844pt x 650.43pt>
File: Figures/authntification.png Graphic file (type png)
<use Figures/authntification.png>
Package pdftex.def Info: Figures/authntification.png  used on input line 305.
(pdftex.def)             Requested size: 540.60236pt x 383.18466pt.

Overfull \hbox (11.6656pt too wide) in paragraph at lines 305--306
 [][] 
 []

[50 <./Figures/privilege.png>]
<Figures/formations.png, id=943, 908.64468pt x 651.93562pt>
File: Figures/formations.png Graphic file (type png)
<use Figures/formations.png>
Package pdftex.def Info: Figures/formations.png  used on input line 320.
(pdftex.def)             Requested size: 540.60236pt x 387.87169pt.

Overfull \hbox (11.6656pt too wide) in paragraph at lines 320--321
 [][] 
 []

[51 <./Figures/authntification.png>]
<Figures/formation.png, id=950, 1155.1155pt x 549.252pt>
File: Figures/formation.png Graphic file (type png)
<use Figures/formation.png>
Package pdftex.def Info: Figures/formation.png  used on input line 330.
(pdftex.def)             Requested size: 540.60236pt x 257.05896pt.

Overfull \hbox (11.6656pt too wide) in paragraph at lines 330--331
 [][] 
 []

[52 <./Figures/formations.png>]
<Figures/video.png, id=958, 913.16156pt x 654.19406pt>
File: Figures/video.png Graphic file (type png)
<use Figures/video.png>
Package pdftex.def Info: Figures/video.png  used on input line 340.
(pdftex.def)             Requested size: 540.60236pt x 387.29878pt.

Overfull \hbox (11.6656pt too wide) in paragraph at lines 340--341
 [][] 
 []

[53 <./Figures/formation.png>]
<Figures/authors.png, id=965, 916.1728pt x 655.69969pt>
File: Figures/authors.png Graphic file (type png)
<use Figures/authors.png>
Package pdftex.def Info: Figures/authors.png  used on input line 350.
(pdftex.def)             Requested size: 540.60236pt x 386.9195pt.

Overfull \hbox (11.6656pt too wide) in paragraph at lines 350--351
 [][] 
 []

[54 <./Figures/video.png>]
<Figures/historique.png, id=972, 921.4425pt x 644.4075pt>
File: Figures/historique.png Graphic file (type png)
<use Figures/historique.png>
Package pdftex.def Info: Figures/historique.png  used on input line 360.
(pdftex.def)             Requested size: 540.60236pt x 378.0634pt.

Overfull \hbox (11.6656pt too wide) in paragraph at lines 360--361
 [][] 
 []

[55 <./Figures/authors.png>]
<Figures/favoris.png, id=979, 920.68968pt x 655.69969pt>
File: Figures/favoris.png Graphic file (type png)
<use Figures/favoris.png>
Package pdftex.def Info: Figures/favoris.png  used on input line 370.
(pdftex.def)             Requested size: 540.60236pt x 385.02852pt.

Overfull \hbox (11.6656pt too wide) in paragraph at lines 370--371
 [][] 
 []

[56 <./Figures/historique.png>]
<Figures/profil.png, id=986, 983.17313pt x 461.47406pt>
File: Figures/profil.png Graphic file (type png)
<use Figures/profil.png>
Package pdftex.def Info: Figures/profil.png  used on input line 379.
(pdftex.def)             Requested size: 540.60236pt x 253.75517pt.

Overfull \hbox (11.6656pt too wide) in paragraph at lines 379--380
 [][] 
 []

[57 <./Figures/favoris.png>]
<Figures/detailsAuthor.png, id=993, 913.16156pt x 649.67719pt>
File: Figures/detailsAuthor.png Graphic file (type png)
<use Figures/detailsAuthor.png>
Package pdftex.def Info: Figures/detailsAuthor.png  used on input line 390.
(pdftex.def)             Requested size: 540.60236pt x 384.62468pt.

Overfull \hbox (11.6656pt too wide) in paragraph at lines 390--391
 [][] 
 []

[58 <./Figures/profil.png>]
<Figures/dashboard.png, id=1000, 899.61093pt x 651.93562pt>
File: Figures/dashboard.png Graphic file (type png)
<use Figures/dashboard.png>
Package pdftex.def Info: Figures/dashboard.png  used on input line 404.
(pdftex.def)             Requested size: 540.60236pt x 391.78114pt.

Overfull \hbox (11.6656pt too wide) in paragraph at lines 404--405
 [][] 
 []

[59 <./Figures/detailsAuthor.png>]
<Figures/addCourse.png, id=1008, 913.91437pt x 653.44125pt>
File: Figures/addCourse.png Graphic file (type png)
<use Figures/addCourse.png>
Package pdftex.def Info: Figures/addCourse.png  used on input line 414.
(pdftex.def)             Requested size: 540.60236pt x 386.53403pt.

Overfull \hbox (11.6656pt too wide) in paragraph at lines 414--415
 [][] 
 []

[60 <./Figures/dashboard.png>]
<Figures/addAuthor.png, id=1015, 913.16156pt x 636.87938pt>
File: Figures/addAuthor.png Graphic file (type png)
<use Figures/addAuthor.png>
Package pdftex.def Info: Figures/addAuthor.png  used on input line 424.
(pdftex.def)             Requested size: 540.60236pt x 377.04807pt.

Overfull \hbox (11.6656pt too wide) in paragraph at lines 424--425
 [][] 
 []

[61 <./Figures/addCourse.png>]
<Figures/addStudent.png, id=1022, 913.91437pt x 638.385pt>
File: Figures/addStudent.png Graphic file (type png)
<use Figures/addStudent.png>
Package pdftex.def Info: Figures/addStudent.png  used on input line 434.
(pdftex.def)             Requested size: 540.60236pt x 377.62772pt.

Overfull \hbox (11.6656pt too wide) in paragraph at lines 434--435
 [][] 
 []

[62 <./Figures/addAuthor.png>] [63 <./Figures/addStudent.png>] [64] [65]) (./Endmatter/Conclusion.tex [66]
Underfull \hbox (badness 10000) in paragraph at lines 4--5

 []

)
Underfull \hbox (badness 10000) in paragraph at lines 7--153

 []

(./Endmatter/Bibliography.tex [67

]

Package hyperref Warning: Suppressing link with empty target on input line 8.

) [68

] (./main.aux (./Frontmatter/Page_de_Garde_EN.aux))
 ***********
LaTeX2e <2023-11-01> patch level 1
L3 programming layer <2024-02-20>
 ***********


 *File List*
    book.cls    2023/05/17 v1.4n Standard LaTeX document class
    bk12.clo    2023/05/17 v1.4n Standard LaTeX file (size option)
Packages.tex
 fontenc.sty    2021/04/29 v2.0v Standard LaTeX package
inputenc.sty    2021/02/14 v1.3d Input encoding file
 arabtex.sty    2003/08/22  3.11 ArabTeX main module
 arabaux.sty    2003/05/21  3.11 auxiliary macros for ArabTeX
    acmd.sty    2003/08/20  3.11 Arabic command processing 
  afonts.sty    1995/11/16  3.04 define Naskh font 
 afonts2.sty    1998/10/19  3.10 define Naskh fonts for LaTeX2e
   ascan.sty    2003/08/22  3.11 standard ZDMG input encoding 
  aparse.sty    2003/05/26  3.11 get syllables 
  awrite.sty    2003/06/05  3.11 build output word 
xarbsymb.sty    1998/07/15  3.07 symbolic output encoding 
arabskel.sty    2000/06/04  3.10 character skeleton definitions 
xarbskel.sty    1999/07/17  3.09 character skeleton definitions 
  aboxes.sty    2003/05/28  3.11 build output boxes
arabtoks.sty    1999/07/17  3.09 ArabTeX CS token definitions 
arabchrs.sty    1998/07/11  3.07 letter token definitions 
   aligs.sty    2003/05/26  3.11 compute ligatures
 aoutput.sty    2000/06/04  3.10 build output lines
  abidir.sty    2003/08/22  3.11 bidirectional linebreaking
  atrans.sty    2003/06/14  3.11 generate the transliteration 
  alatex.sty    2003/05/04  3.11 ArabTeX extensions for LaTeX 
   afoot.sty    2003/05/12  3.11 ArabTeX footnotes
   abjad.sty    2003/04/26  3.11 abjad numerals 
  apatch.sty    2006/07/02  3.11s last minute patches 
  alists.sty    2003/04/26  3.11 inverted list macros
   asect.sty    2003/04/26  3.11 section macros for Arabic
   atabg.sty    1997/01/21  3.05 LaTeX tabbing macros for Arabic
    utf8.sty    2000/06/13  3.10 UTF-8 input encoding 
 utfcode.sty    2002/03/07  3.10a Arabic+Hebrew segment of UTF-8
setspace.sty    2022/12/04 v6.7b set line spacing
 fontenc.sty    2021/04/29 v2.0v Standard LaTeX package
   babel.sty    2024/02/07 v24.2 The Babel package
  french.ldf    2024-02-29 v3.5s French support from the babel system
babel-french.tex
scalefnt.sty    
  keyval.sty    2022/05/29 v1.15 key=value parser (DPC)
     svg.sty    2020/11/26 v2.02k (include SVG pictures)
   iftex.sty    2022/02/03 v1.0f TeX engine tests
 scrbase.sty    2023/07/07 v3.41 KOMA-Script package (KOMA-Script-independent basics and keyval usage)
scrlfile.sty    2023/07/07 v3.41 KOMA-Script package (file load hooks)
scrlfile-hook.sty    2023/07/07 v3.41 KOMA-Script package (using LaTeX hooks)
 scrlogo.sty    2023/07/07 v3.41 KOMA-Script package (logo)
pdftexcmds.sty    2020-06-27 v0.33 Utility functions of pdfTeX for LuaTeX (HO)
infwarerr.sty    2019/12/03 v1.5 Providing info/warning/error messages (HO)
 ltxcmds.sty    2023-12-04 v1.26 LaTeX kernel commands for general use (HO)
trimspaces.sty    2009/09/17 v1.1 Trim spaces around a token list
graphicx.sty    2021/09/16 v1.2d Enhanced LaTeX Graphics (DPC,SPQR)
graphics.sty    2022/03/10 v1.4e Standard LaTeX Graphics (DPC,SPQR)
    trig.sty    2021/08/11 v1.11 sin cos tan (DPC)
graphics.cfg    2016/06/04 v1.11 sample graphics configuration
  pdftex.def    2022/09/22 v1.2b Graphics/color driver for pdftex
shellesc.sty    2023/07/08 v1.0d unified shell escape interface for LaTeX
  xcolor.sty    2023/11/15 v3.01 LaTeX color extensions (UK)
   color.cfg    2016/01/02 v1.6 sample color configuration
mathcolor.ltx
transparent.sty    2022-10-27 v1.5 Transparency with color stacks
transparent-nometadata.sty    2022-10-27 v1.5 Transparency via pdfTeX's color stack (HO)
 auxhook.sty    2019-12-17 v1.6 Hooks for auxiliary files (HO)
  pgfsys.sty    2023-01-15 v3.1.10 (3.1.10)
  pgfrcs.sty    2023-01-15 v3.1.10 (3.1.10)
pgfrcs.code.tex
pgfsys.code.tex
pgfsyssoftpath.code.tex    2023-01-15 v3.1.10 (3.1.10)
pgfsysprotocol.code.tex    2023-01-15 v3.1.10 (3.1.10)
 amsmath.sty    2023/05/13 v2.17o AMS math features
 amstext.sty    2021/08/26 v2.01 AMS text
  amsgen.sty    1999/11/30 v2.0 generic functions
  amsbsy.sty    1999/11/29 v1.2d Bold Symbols
  amsopn.sty    2022/04/08 v2.04 operator names
  amsthm.sty    2020/05/29 v2.20.6
 amssymb.sty    2013/01/14 v3.01 AMS font symbols
amsfonts.sty    2013/01/14 v3.01 Basic AMSFonts support
    tikz.sty    2023-01-15 v3.1.10 (3.1.10)
     pgf.sty    2023-01-15 v3.1.10 (3.1.10)
 pgfcore.sty    2023-01-15 v3.1.10 (3.1.10)
pgfcore.code.tex
pgfcomp-version-0-65.sty    2023-01-15 v3.1.10 (3.1.10)
pgfcomp-version-1-18.sty    2023-01-15 v3.1.10 (3.1.10)
  pgffor.sty    2023-01-15 v3.1.10 (3.1.10)
 pgfkeys.sty    
pgfkeys.code.tex
 pgfmath.sty    
pgfmath.code.tex
pgffor.code.tex
tikz.code.tex
tcolorbox.sty    2024/01/10 version 6.2.0 text color boxes
verbatim.sty    2023-11-06 v1.5v LaTeX2e package for verbatim enhancements
 environ.sty    2014/05/04 v0.3 A new way to define environments
etoolbox.sty    2020/10/05 v2.5k e-TeX tools for LaTeX (JAW)
tabularx.sty    2023/07/08 v2.11c `tabularx' package (DPC)
   array.sty    2023/10/16 v2.5g Tabular extension package (FMi)
algorithm2e.sty    2017/07/18 v5.2 algorithms environments
  ifthen.sty    2022/04/13 v1.1d Standard LaTeX ifthen package (DPC)
ifoddpage.sty    2022/10/18 v1.2 Conditionals for odd/even page detection
  xspace.sty    2014/10/28 v1.13 Space after command names (DPC,MH)
 relsize.sty    2013/03/29 ver 4.1
rotating.sty    2016/08/11 v2.16d rotated objects in LaTeX
  bbding.sty    1999/04/15 v1.01 Dingbats symbols
    cite.sty    2015/02/27  v 5.5
  lscape.sty    2020/05/28 v3.02 Landscape Pages (DPC)
 sectsty.sty    2002/02/25 v2.0.2 Commands to change all sectional heading styles
  dsfont.sty    1995/08/01 v0.1 Double stroke roman fonts
   ifpdf.sty    2019/10/25 v3.4 ifpdf legacy package. Use iftex instead.
subfigure.sty    2002/03/15 v2.1.5 subfigure package
subfigure.cfg
  epsfig.sty    2017/06/25 v1.7b (e)psfig emulation (SPQR)
   float.sty    2001/11/08 v1.3d Float enhancements (AL)
titlesec.sty    2023/10/27 v2.16 Sectioning titles
multibib.sty    2008/12/10 v1.4 Multiple bibliographies for one document.
fancyhdr.sty    2022/11/09 v4.1 Extensive control of page headers and footers
  lipsum.sty    2021-09-20 v2.7 150 paragraphs of Lorem Ipsum dummy text
l3keys2e.sty    2024-02-18 LaTeX2e option processing using LaTeX3 keys
   expl3.sty    2024-02-20 L3 programming layer (loader) 
l3backend-pdftex.def    2024-02-20 L3 backend support: PDF output (pdfTeX)
  lipsum.ltd
    soul.sty    2023-06-14 v3.1 Permit use of UTF-8 characters in soul (HO)
soul-ori.sty    2023-06-14 v3.1 letterspacing/underlining (mf)
etexcmds.sty    2019/12/15 v1.7 Avoid name clashes with e-TeX commands (HO)
enumitem.sty    2019/06/20 v3.9 Customized lists
geometry.sty    2020/01/02 v5.9 Page Geometry
  ifvtex.sty    2019/10/25 v1.7 ifvtex legacy package. Use iftex instead.
hyperref.sty    2024-01-20 v7.01h Hypertext links for LaTeX
kvsetkeys.sty    2022-10-05 v1.19 Key value parser (HO)
kvdefinekeys.sty    2019-12-19 v1.6 Define keys (HO)
pdfescape.sty    2019/12/09 v1.15 Implements pdfTeX's escape features (HO)
 hycolor.sty    2020-01-27 v1.10 Color options for hyperref/bookmark (HO)
 nameref.sty    2023-11-26 v2.56 Cross-referencing by name of section
refcount.sty    2019/12/15 v3.6 Data extraction from label references (HO)
gettitlestring.sty    2019/12/15 v1.6 Cleanup title references (HO)
kvoptions.sty    2022-06-15 v3.15 Key value format for package options (HO)
  pd1enc.def    2024-01-20 v7.01h Hyperref: PDFDocEncoding definition (HO)
 intcalc.sty    2019/12/15 v1.3 Expandable calculations with integers (HO)
   puenc.def    2024-01-20 v7.01h Hyperref: PDF Unicode definition (HO)
     url.sty    2013/09/16  ver 3.4  Verb mode for urls, etc.
  bitset.sty    2019/12/09 v1.3 Handle bit-vector datatype (HO)
bigintcalc.sty    2019/12/15 v1.5 Expandable calculations on big integers (HO)
atbegshi-ltx.sty    2021/01/10 v1.0c Emulation of the original atbegshi
package with kernel methods
 hpdftex.def    2024-01-20 v7.01h Hyperref driver for pdfTeX
atveryend-ltx.sty    2020/08/19 v1.0a Emulation of the original atveryend package
with kernel methods
rerunfilecheck.sty    2022-07-10 v1.10 Rerun checks for auxiliary files (HO)
uniquecounter.sty    2019/12/15 v1.4 Provide unlimited unique counter (HO)
listings.sty    2024/02/21 1.10 (Carsten Heinz)
lstpatch.sty    2024/02/21 1.10 (Carsten Heinz)
 lstmisc.sty    2024/02/21 1.10 (Carsten Heinz)
listings.cfg    2024/02/21 1.10 listings configuration
 caption.sty    2023/08/05 v3.6o Customizing captions (AR)
caption3.sty    2023/07/31 v2.4d caption3 kernel (AR)
longtable.sty    2023-11-01 v4.19 Multi-page Table package (DPC)
booktabs.sty    2020/01/12 v1.61803398 Publication quality tables
afterpage.sty    2023/07/04 v1.08 After-Page Package (DPC)
glossaries.sty    2023/09/29 v4.53 (NLCT)
 xkeyval.sty    2022/06/16 v2.9 package option processing (HA)
 xkeyval.tex    2014/12/03 v2.7a key=value parser (HA)
mfirstuc.sty    2022/10/14 v2.08 (NLCT)
    xfor.sty    2009/02/05 v1.05 (NLCT)
datatool-base.sty    2019/09/27 v2.32 (NLCT)
  substr.sty    2009/10/20 v1.2 Handle substrings
datatool-fp.sty    2019/09/27 v2.32 (NLCT)
      fp.sty    1995/04/02
defpattern.sty    1994/10/12
fp-basic.sty    1996/05/13
fp-addons.sty    1995/03/15
 fp-snap.sty    1995/04/05
  fp-exp.sty    1995/04/03
fp-trigo.sty    1995/04/14
  fp-pas.sty    1994/08/29
fp-random.sty    1995/02/23
  fp-eqn.sty    1995/04/03
  fp-upn.sty    1996/10/21
 fp-eval.sty    1995/04/03
tracklang.sty    2022/12/13 v1.6.1 (NLCT) Track Languages
tracklang.tex    2022/12/13 v1.6.1 (NLCT) Track Languages Generic Code
translator.sty    2021-05-31 v1.12d Easy translation of strings in LaTeX
glossaries-french.ldf    2016/12/12 v1.1
glossary-hypernav.sty    2023/09/29 v4.53 (NLCT)
glossary-list.sty    2023/09/29 v4.53 (NLCT)
glossary-long.sty    2023/09/29 v4.53 (NLCT)
glossary-super.sty    2023/09/29 v4.53 (NLCT)
supertabular.sty    2020/02/02 v4.1g the supertabular environment
glossary-tree.sty    2023/09/29 v4.53 (NLCT)
 lmodern.sty    2015/05/01 v1.6.1 Latin Modern Fonts
   t1lmr.fd    2015/05/01 v1.6.1 Font defs for Latin Modern
supp-pdf.mkii
epstopdf-base.sty    2020-01-24 v2.11 Base part for package epstopdf
epstopdf-sys.cfg    2010/07/13 v1.3 Configuration of (r)epstopdf for TeX Live
    main.out
    main.out
ltcaption.sty    2021/01/08 v1.4c longtable captions (AR)
  apatch.sty    2006/07/02  3.11s last minute patches 
Frontmatter/Page_de_Garde_EN.tex
Logos/Logo_INPT.png
Logos/SQLI_LOGO.png
  ot1lmr.fd    2015/05/01 v1.6.1 Font defs for Latin Modern
  omllmm.fd    2015/05/01 v1.6.1 Font defs for Latin Modern
 omslmsy.fd    2015/05/01 v1.6.1 Font defs for Latin Modern
 omxlmex.fd    2015/05/01 v1.6.1 Font defs for Latin Modern
    umsa.fd    2013/01/14 v3.01 AMS symbols A
    umsb.fd    2013/01/14 v3.01 AMS symbols B
Logos/ZLAFA.png
Frontmatter/Dedication.tex
Figures/dedicace.png
Frontmatter/Remerciements.tex
Frontmatter/Rsum.tex
Figures/abstract.png
Frontmatter/Abstract.tex
Endmatter/Acronyms.tex
Frontmatter/IntroductionGenerale.tex
Chapitres/Chapitre1.tex
Logos/SQLI_LOGO.png
Figures/cle chiffre.png
Figures/sqli partenaire .png
Figures/departement.png
Figures/Seasonal Event Team.png
Figures/Cart Checkout & Payment.png
Logos/Skype-Logo.png
Logos/git.png
Logos/gitlab.jpg
Chapitres/Chapitre2.tex
Figures/apprenant.PNG
Figures/administrateur.PNG
Figures/diagrammeDeSequenceAuthentification.png
Figures/diagrammeDeSequenceCreerCourse.PNG
Figures/diagrammeDeSequenceAddAuthor.PNG
Chapitres/Chapitre3.tex
Logos/Figma.png
Figures/login.PNG
Figures/home.PNG
Figures/explorer.PNG
Figures/watchVideo.PNG
Figures/overview.PNG
Figures/Chapter.PNG
Figures/AuthorDetails.PNG
Figures/comment.PNG
Figures/figmaDashoboard.PNG
Figures/addCourseDashboard.png
Figures/architecturePhysique.png
Figures/architectureLogique.png
Figures/orda.png
Figures/diagramme de classe.PNG
Figures/authdetaille.png
Figures/addcourseSequence.png
Figures/addAuthorSequence.png
Chapitres/Chapitre4.tex
Logos/UML_logo.png
Logos/html.png
Logos/css.png
Logos/Typescript.png
Logos/react.png
Logos/tailwind.png
Logos/VS.jpg
Logos/postman.png
Logos/gitlab.jpg
Logos/git.png
Logos/starUml.png
Figures/database.PNG
Figures/exemple.PNG
Figures/alias.PNG
  t1lmtt.fd    2015/05/01 v1.6.1 Font defs for Latin Modern
Figures/session.png
Figures/privilege.png
Figures/authntification.png
Figures/formations.png
Figures/formation.png
Figures/video.png
Figures/authors.png
Figures/historique.png
Figures/favoris.png
Figures/profil.png
Figures/detailsAuthor.png
Figures/dashboard.png
Figures/addCourse.png
Figures/addAuthor.png
Figures/addStudent.png
Endmatter/Conclusion.tex
Endmatter/Bibliography.tex
 ***********


LaTeX Font Warning: Some font shapes were not available, defaults substituted.

Package rerunfilecheck Info: File `main.out' has not changed.
(rerunfilecheck)             Checksum: DB152A069BCA0E5DD979B6AED7400A84;10357.
 )
(\end occurred inside a group at level 1)

### semi simple group (level 1) entered at line 40 (\begingroup)
### bottom level 
Here is how much of TeX's memory you used:
 42045 strings out of 474116
 777644 string characters out of 5743682
 1942187 words of memory out of 5000000
 63268 multiletter control sequences out of 15000+600000
 626693 words of font info for 78 fonts, out of 8000000 for 9000
 1141 hyphenation exceptions out of 8191
 100i,13n,96p,2386b,3198s stack positions out of 10000i,1000n,20000p,200000b,200000s
</usr/local/texlive/2024/texmf-dist/fonts/type1/public/lm/lmbx12.pfb></usr/local/texlive/2024/texmf-dist/fonts/type1/public/lm/lmcsc10.pfb></usr/local/texlive/2024/texmf-dist/fonts/type1/public/lm/lmcsco10.pfb></usr/local/texlive/2024/texmf-dist/fonts/type1/public/lm/lmr12.pfb></usr/local/texlive/2024/texmf-dist/fonts/type1/public/lm/lmri12.pfb></usr/local/texlive/2024/texmf-dist/fonts/type1/public/lm/lmro12.pfb></usr/local/texlive/2024/texmf-dist/fonts/type1/public/lm/lmsy10.pfb></usr/local/texlive/2024/texmf-dist/fonts/type1/public/lm/lmtt12.pfb></usr/local/texlive/2024/texmf-dist/fonts/type1/public/amsfonts/symbols/msam10.pfb>
Output written on main.pdf (83 pages, 10966971 bytes).
PDF statistics:
 1191 PDF objects out of 1200 (max. 8388607)
 953 compressed objects within 10 object streams
 315 named destinations out of 1000 (max. 500000)
 840 words of extra memory for PDF output out of 10000 (max. 10000000)

