\BOOKMARK [0][-]{chapter*.1}{\376\377\000D\000\351\000d\000i\000c\000a\000c\000e\000s}{}% 1
\BOOKMARK [0][-]{chapter*.3}{\376\377\000R\000e\000m\000e\000r\000c\000i\000e\000m\000e\000n\000t\000s}{}% 2
\BOOKMARK [0][-]{chapter*.3}{\376\377\000M\000o\000u\000l\000a\000k\000h\000a\000s\000s}{}% 3
\BOOKMARK [0][-]{chapter*.5}{\376\377\000R\000\351\000s\000u\000m\000\351}{}% 4
\BOOKMARK [0][-]{chapter*.6}{\376\377\000A\000b\000s\000t\000r\000a\000c\000t}{}% 5
\BOOKMARK [0][-]{chapter*.7}{\376\377\000L\000i\000s\000t\000e\000\040\000d\000e\000s\000\040\000s\000i\000g\000l\000e\000s\000\040\000e\000t\000\040\000a\000c\000r\000o\000n\000y\000m\000e\000s}{}% 6
\BOOKMARK [0][-]{chapter*.8}{\376\377\000T\000a\000b\000l\000e\000\040\000d\000e\000s\000\040\000f\000i\000g\000u\000r\000e\000s}{}% 7
\BOOKMARK [0][-]{chapter*.9}{\376\377\000L\000i\000s\000t\000e\000\040\000d\000e\000s\000\040\000t\000a\000b\000l\000e\000a\000u\000x}{}% 8
\BOOKMARK [0][-]{chapter*.10}{\376\377\000T\000a\000b\000l\000e\000\040\000d\000e\000s\000\040\000m\000a\000t\000i\000\350\000r\000e\000s}{}% 9
\BOOKMARK [0][-]{chapter*.11}{\376\377\000I\000n\000t\000r\000o\000d\000c\000u\000t\000i\000o\000n}{}% 10
\BOOKMARK [0][-]{chapter.1}{\376\377\000C\000o\000n\000t\000e\000x\000t\000e\000\040\000g\000\351\000n\000\351\000r\000a\000l\000\040\000d\000u\000\040\000p\000r\000o\000j\000e\000t}{}% 11
\BOOKMARK [1][-]{section.1.1}{\376\377\000P\000r\000\351\000s\000e\000n\000t\000a\000t\000i\000o\000n\000\040\000d\000e\000\040\000l\040\031\000e\000n\000t\000r\000e\000p\000r\000i\000s\000e\000\040\000d\040\031\000a\000c\000c\000u\000e\000i\000l\000\040\000S\000Q\000L\000I}{chapter.1}% 12
\BOOKMARK [2][-]{subsection.1.1.1}{\376\377\000G\000r\000o\000u\000p\000e\000\040\000S\000Q\000L\000I}{section.1.1}% 13
\BOOKMARK [2][-]{subsection.1.1.2}{\376\377\000S\000Q\000L\000I\000\040\000M\000a\000r\000o\000c}{section.1.1}% 14
\BOOKMARK [1][-]{section.1.2}{\376\377\000P\000r\000\351\000s\000e\000n\000t\000a\000t\000i\000o\000n\000\040\000d\000u\000\040\000p\000r\000o\000j\000e\000t}{chapter.1}% 15
\BOOKMARK [2][-]{subsection.1.2.1}{\376\377\000C\000a\000d\000r\000e\000\040\000d\000u\000\040\000p\000r\000o\000j\000e\000t\000\040\000e\000t\000\040\000p\000r\000o\000b\000l\000\351\000m\000a\000t\000i\000q\000u\000e}{section.1.2}% 16
\BOOKMARK [2][-]{subsection.1.2.2}{\376\377\000O\000b\000j\000e\000c\000t\000i\000f\000s\000\040\000d\000u\000\040\000p\000r\000o\000j\000e\000t}{section.1.2}% 17
\BOOKMARK [1][-]{section.1.3}{\376\377\000C\000o\000n\000d\000u\000i\000t\000e\000\040\000d\000e\000\040\000p\000r\000o\000j\000e\000t}{chapter.1}% 18
\BOOKMARK [2][-]{subsection.1.3.1}{\376\377\000P\000r\000\351\000s\000e\000n\000t\000a\000t\000i\000o\000n\000\040\000d\000e\000s\000\040\000\311\000q\000u\000i\000p\000e\000s\000\040\000d\000u\000\040\000P\000r\000o\000j\000e\000t}{section.1.3}% 19
\BOOKMARK [2][-]{subsection.1.3.2}{\376\377\000M\000\351\000t\000h\000o\000d\000o\000l\000o\000g\000i\000e\000\040\000d\000e\000\040\000t\000r\000a\000v\000a\000i\000l\000\040\000:\000\040\000S\000c\000r\000u\000m}{section.1.3}% 20
\BOOKMARK [2][-]{subsection.1.3.3}{\376\377\000C\000a\000p\000i\000t\000a\000l\000i\000s\000a\000t\000i\000o\000n\000\040\000e\000t\000\040\000s\000u\000i\000v\000i}{section.1.3}% 21
\BOOKMARK [2][-]{subsection.1.3.4}{\376\377\000P\000l\000a\000n\000i\000f\000i\000c\000a\000t\000i\000o\000n\000\040\000d\000u\000\040\000p\000r\000o\000j\000e\000t}{section.1.3}% 22
\BOOKMARK [0][-]{chapter.2}{\376\377\000A\000n\000a\000l\000y\000s\000e\000\040\000e\000t\000\040\000s\000p\000\351\000c\000i\000f\000i\000c\000a\000t\000i\000o\000n\000\040\000d\000e\000s\000\040\000b\000e\000s\000o\000i\000n\000s}{}% 23
\BOOKMARK [1][-]{section.2.1}{\376\377\000\311\000t\000u\000d\000e\000\040\000d\000e\000\040\000l\040\031\000e\000x\000i\000s\000t\000a\000n\000t}{chapter.2}% 24
\BOOKMARK [1][-]{section.2.2}{\376\377\000E\000t\000u\000d\000e\000\040\000f\000o\000n\000c\000t\000i\000o\000n\000n\000e\000l\000l\000e\000\040\000e\000t\000\040\000n\000o\000n\000\040\000f\000o\000n\000c\000t\000i\000o\000n\000n\000e\000l\000l\000e}{chapter.2}% 25
\BOOKMARK [2][-]{subsection.2.2.1}{\376\377\000E\000x\000i\000g\000e\000n\000c\000e\000s\000\040\000f\000o\000n\000c\000t\000i\000o\000n\000n\000e\000l\000l\000e\000s}{section.2.2}% 26
\BOOKMARK [2][-]{subsection.2.2.2}{\376\377\000E\000x\000i\000g\000e\000n\000c\000e\000s\000\040\000n\000o\000n\000-\000f\000o\000n\000c\000t\000i\000o\000n\000n\000e\000l\000l\000e\000s}{section.2.2}% 27
\BOOKMARK [0][-]{chapter.3}{\376\377\000C\000o\000n\000c\000e\000p\000t\000i\000o\000n\000\040\000d\000e\000\040\000l\000a\000\040\000s\000o\000l\000u\000t\000i\000o\000n}{}% 28
\BOOKMARK [1][-]{section.3.1}{\376\377\000P\000r\000o\000t\000o\000t\000y\000p\000a\000g\000e}{chapter.3}% 29
\BOOKMARK [2][-]{subsection.3.1.1}{\376\377\000C\000h\000o\000i\000x\000\040\000d\000e\000\040\000l\000'\000o\000u\000t\000i\000l}{section.3.1}% 30
\BOOKMARK [2][-]{subsection.3.1.2}{\376\377\000I\000n\000t\000e\000r\000f\000a\000c\000e}{section.3.1}% 31
\BOOKMARK [1][-]{section.3.2}{\376\377\000A\000r\000c\000h\000i\000t\000e\000c\000t\000u\000r\000e\000\040\000d\000e\000\040\000l\040\031\000a\000p\000p\000l\000i\000c\000a\000t\000i\000o\000n}{chapter.3}% 32
\BOOKMARK [2][-]{subsection.3.2.1}{\376\377\000A\000r\000c\000h\000i\000t\000e\000c\000t\000u\000r\000e\000\040\000p\000h\000y\000s\000i\000q\000u\000e}{section.3.2}% 33
\BOOKMARK [2][-]{subsection.3.2.2}{\376\377\000A\000r\000c\000h\000i\000t\000e\000c\000t\000u\000r\000e\000\040\000l\000o\000g\000i\000q\000u\000e}{section.3.2}% 34
\BOOKMARK [1][-]{section.3.3}{\376\377\000C\000o\000n\000c\000e\000p\000t\000i\000o\000n\000\040\000D\000\351\000t\000a\000i\000l\000l\000\351\000e}{chapter.3}% 35
\BOOKMARK [2][-]{subsection.3.3.1}{\376\377\000D\000i\000a\000g\000r\000a\000m\000m\000e\000\040\000d\000e\000\040\000C\000l\000a\000s\000s\000e}{section.3.3}% 36
\BOOKMARK [2][-]{subsection.3.3.2}{\376\377\000D\000i\000a\000g\000r\000a\000m\000m\000e\000\040\000d\000e\000\040\000s\000\351\000q\000u\000e\000n\000c\000e\000\040\000d\000\351\000t\000a\000i\000l\000l\000\351}{section.3.3}% 37
\BOOKMARK [0][-]{chapter.4}{\376\377\000R\000\351\000a\000l\000i\000s\000a\000t\000i\000o\000n}{}% 38
\BOOKMARK [1][-]{section.4.1}{\376\377\000L\000a\000n\000g\000a\000g\000e\000s\000\040\000e\000t\000\040\000t\000e\000c\000h\000n\000o\000l\000o\000g\000i\000e\000s\000\040\000u\000t\000i\000l\000i\000s\000\351\000s}{chapter.4}% 39
\BOOKMARK [2][-]{subsection.4.1.1}{\376\377\000M\000o\000d\000\351\000l\000i\000s\000a\000t\000i\000o\000n\000\040\000:\000\040\000L\000a\000n\000g\000a\000g\000e\000\040\000U\000M\000L}{section.4.1}% 40
\BOOKMARK [2][-]{subsection.4.1.2}{\376\377\000C\000o\000u\000c\000h\000e\000\040\000p\000r\000\351\000s\000e\000n\000t\000a\000t\000i\000o\000n}{section.4.1}% 41
\BOOKMARK [2][-]{subsection.4.1.3}{\376\377\000C\000o\000u\000c\000h\000e\000\040\000t\000r\000a\000i\000t\000e\000m\000e\000n\000t\000\040\000:\000\040\0004\000D}{section.4.1}% 42
\BOOKMARK [1][-]{section.4.2}{\376\377\000L\000i\000b\000r\000a\000i\000r\000i\000e\000s\000\040\000e\000t\000\040\000f\000r\000a\000m\000e\000w\000o\000r\000k\000s\000\040\000u\000t\000i\000l\000i\000s\000\351\000s}{chapter.4}% 43
\BOOKMARK [2][-]{subsection.4.2.1}{\376\377\000C\000o\000u\000c\000h\000e\000\040\000p\000r\000\351\000s\000e\000n\000t\000a\000t\000i\000o\000n}{section.4.2}% 44
\BOOKMARK [1][-]{section.4.3}{\376\377\000E\000n\000v\000i\000r\000o\000n\000n\000e\000m\000e\000n\000t\000s\000\040\000e\000t\000\040\000o\000u\000t\000i\000l\000s\000\040\000d\000e\000\040\000d\000\351\000v\000e\000l\000o\000p\000p\000e\000m\000e\000n\000t\000\040\000u\000t\000i\000l\000i\000s\000\351\000s}{chapter.4}% 45
\BOOKMARK [2][-]{subsection.4.3.1}{\376\377\000V\000i\000s\000u\000a\000l\000\040\000S\000t\000u\000d\000i\000o\000\040\000C\000o\000d\000e\000\040}{section.4.3}% 46
\BOOKMARK [2][-]{subsection.4.3.2}{\376\377\0004\000D\000\040\000C\000l\000i\000e\000n\000t}{section.4.3}% 47
\BOOKMARK [2][-]{subsection.4.3.3}{\376\377\0004\000D\000\040\000S\000e\000r\000v\000e\000u\000r}{section.4.3}% 48
\BOOKMARK [2][-]{subsection.4.3.4}{\376\377\000P\000o\000s\000t\000m\000a\000n}{section.4.3}% 49
\BOOKMARK [2][-]{subsection.4.3.5}{\376\377\000G\000i\000t\000L\000a\000b}{section.4.3}% 50
\BOOKMARK [2][-]{subsection.4.3.6}{\376\377\000G\000i\000t}{section.4.3}% 51
\BOOKMARK [2][-]{subsection.4.3.7}{\376\377\000S\000t\000a\000r\000U\000M\000L}{section.4.3}% 52
\BOOKMARK [1][-]{section.4.4}{\376\377\000B\000a\000s\000e\000\040\000d\000e\000\040\000d\000o\000n\000n\000\351\000e\000s\000\040}{chapter.4}% 53
\BOOKMARK [1][-]{section.4.5}{\376\377\000S\000\351\000c\000u\000r\000i\000t\000\351}{chapter.4}% 54
\BOOKMARK [2][-]{subsection.4.5.1}{\376\377\000I\000m\000p\000l\000\351\000m\000e\000n\000t\000a\000t\000i\000o\000n\000\040\000d\000e\000s\000\040\000s\000e\000s\000s\000i\000o\000n\000s}{section.4.5}% 55
\BOOKMARK [2][-]{subsection.4.5.2}{\376\377\000R\000o\000l\000e\000s\000\040\000e\000t\000\040\000p\000r\000i\000v\000i\000l\000\350\000g\000e\000s\000\040}{section.4.5}% 56
\BOOKMARK [1][-]{section.4.6}{\376\377\000C\000a\000p\000t\000u\000r\000e\000s\000\040\000d\000'\000\351\000c\000r\000a\000n}{chapter.4}% 57
\BOOKMARK [2][-]{subsection.4.6.1}{\376\377\000A\000u\000t\000h\000e\000n\000t\000i\000f\000i\000c\000a\000t\000i\000o\000n}{section.4.6}% 58
\BOOKMARK [2][-]{subsection.4.6.2}{\376\377\000E\000s\000p\000a\000c\000e\000\040\000A\000p\000p\000r\000e\000n\000a\000n\000t\000\040}{section.4.6}% 59
\BOOKMARK [2][-]{subsection.4.6.3}{\376\377\000E\000s\000p\000a\000c\000e\000\040\000A\000d\000m\000i\000n\000i\000s\000t\000r\000a\000t\000e\000u\000r}{section.4.6}% 60
\BOOKMARK [1][-]{section.4.7}{\376\377\000V\000a\000l\000i\000d\000a\000t\000i\000o\000n\000\040\000d\000e\000s\000\040\000e\000x\000i\000g\000e\000n\000c\000e\000s}{chapter.4}% 61
\BOOKMARK [2][-]{subsection.4.7.1}{\376\377\000E\000x\000i\000g\000e\000n\000c\000e\000s\000\040\000F\000o\000n\000c\000t\000i\000o\000n\000n\000e\000l\000l\000e\000s}{section.4.7}% 62
\BOOKMARK [2][-]{subsection.4.7.2}{\376\377\000E\000x\000i\000g\000e\000n\000c\000e\000s\000\040\000N\000o\000n\000\040\000F\000o\000n\000c\000t\000i\000o\000n\000n\000e\000l\000l\000e\000s}{section.4.7}% 63
\BOOKMARK [0][-]{appendix*.69}{\376\377\000C\000o\000n\000c\000l\000u\000s\000i\000o\000n}{}% 64
\BOOKMARK [0][-]{appendix*.69}{\376\377\000R\000\351\000f\000\351\000r\000e\000n\000c\000e\000s}{}% 65
